<html xmlns:math="http://exslt.org/math" xmlns:testng="http://testng.org">
   <head>
      <title>TestNG Results</title>
      <meta http-equiv="content-type" content="text/html; charset=utf-8"></meta>
      <meta http-equiv="pragma" content="no-cache"></meta>
      <meta http-equiv="cache-control" content="max-age=0"></meta>
      <meta http-equiv="cache-control" content="no-cache"></meta>
      <meta http-equiv="cache-control" content="no-store"></meta>
      <LINK rel="stylesheet" href="style.css"></LINK>
      <script type="text/javascript" src="main.js"></script>
   </head>
   <body>
      <table width="100%" style="font-size: 16px; margin-bottom: 10px;" cellspacing="1">
         <tr>
            <td width="100%">
               All methods in suite
               
               <b>P1</b>
            </td>
            <td style="background-color: #FFBBBB; padding: 3px 3px 3px 0;" align="center">
               <div style="width: 50px;">0</div>
            </td>
            <td style="background-color: lightgreen; padding: 3px 3px 3px 0;" align="center">
               <div style="width: 50px;">1</div>
            </td>
            <td style="background-color: #FFFFBB; padding: 3px 3px 3px 0;" align="center">
               <div style="width: 50px;">10</div>
            </td>
            <td align="center" style="background-color: #eaf0f7; padding: 3px 3px 3px 0;">
               <div style="width: 50px;">11</div>
            </td>
            <td align="center"
                style="font-weight: bold; background-color: #eaf0f7; padding: 3px 3px 3px 0;">
               <div style="width: 50px;">9%</div>
            </td>
            <td style="background-color: #eaf0f7; padding: 3px 3px 3px 0;" align="center"
                nowrap="true">3m
               33s
               
            </td>
         </tr>
      </table>
      <div style="width: 200px;">
         <label for="groupMethodsCheckBox" style="font-weight: bold; margin: 0;">
            <input id="groupMethodsCheckBox" type="checkbox" onclick="switchTestMethodsView(this)"></input>
            Group by class
            
         </label>
         <br></br>
         <label for="methodsFilter_ALL" style="font-weight: bold; margin: 0;">
            <input id="methodsFilter_ALL" type="checkbox"
                   onclick="testMethodsFilterChanged(this, 'ALL')"></input>
            All
            
         </label>
      </div>
      <label for="methodsFilter_FAIL" style="margin-left: 20px;">
         <input id="methodsFilter_FAIL" type="checkbox"
                onclick="testMethodsFilterChanged(this, 'FAIL')"
                checked=""></input>
         Failed
         
      </label>
      <label for="methodsFilter_PASS">
         <input id="methodsFilter_PASS" type="checkbox"
                onclick="testMethodsFilterChanged(this, 'PASS')"
                checked=""></input>
         Passed
         
      </label>
      <label for="methodsFilter_SKIP">
         <input id="methodsFilter_SKIP" type="checkbox"
                onclick="testMethodsFilterChanged(this, 'SKIP')"
                checked=""></input>
         Skipped
         
      </label>
      <label for="methodsFilter_CONF">
         <input id="methodsFilter_CONF" type="checkbox"
                onclick="testMethodsFilterChanged(this, 'CONF')"></input>
         Config
         
      </label>
      <br></br>
      <div id="testMethodsByStatus">
         <table class="testMethodsTable" cellpadding="0" cellspacing="0">
            <tr class="methodsTableHeader">
               <td width="100%">Name</td>
               <td nowrap="true">Started</td>
               <td nowrap="true">Duration</td>
               <td>Exception</td>
            </tr>
            <tr id="in.v2solutions.hybrid.testcases.VWR_01_Verify_Apply_Leave_Functionality_beforeTest_byStatus_passed_PASS1_row"
                class="testMethodStatusPASS testMethodStatusCONF">
               <td width="100%" class="firstMethodCell">
                  <a onclick="toggleDetailsVisibility('in.v2solutions.hybrid.testcases.VWR_01_Verify_Apply_Leave_Functionality_beforeTest_byStatus_passed_PASS1_details')">beforeTest(V2 Refresh_QA_Build_1.8--VWR_TestCases_P1)</a>
               </td>
               <td nowrap="true">12:59:26</td>
               <td nowrap="true" align="right">16 ms
                  
               </td>
               <td nowrap="true">
                   
                  
               </td>
            </tr>
            <tr>
               <td colspan="4" class="detailsBox">
                  <div id="in.v2solutions.hybrid.testcases.VWR_01_Verify_Apply_Leave_Functionality_beforeTest_byStatus_passed_PASS1_details"
                       class="testMethodDetails">
                     <div>
                        <b>Name: </b>beforeTest
                     </div>
                     <div>
                        <b>Signature: </b>beforeTest(java.lang.String)[pri:0, instance:in.v2solutions.hybrid.testcases.VWR_01_Verify_Apply_Leave_Functionality@1aafa419]
                     </div>
                     <div>
                        <b>Parameters: </b>
                        
                        V2 Refresh_QA_Build_1.8--VWR_TestCases_P1
                        
                        
                     </div>
                     <div>
                        <b>Start time: </b>12:59:26
                     </div>
                     <div>
                        <b>End time: </b>12:59:26
                     </div>
                     <div>
                        <b>Duration: </b>16 ms
                        
                     </div>
                  </div>
               </td>
            </tr>
            <tr></tr>
            <tr id="in.v2solutions.hybrid.testcases.VWR_01_Verify_Apply_Leave_Functionality_verify_Apply_Leave_Functionality_byStatus_passed_PASS2_row"
                class="testMethodStatusPASS">
               <td width="100%" class="firstMethodCell">
                  <a onclick="toggleDetailsVisibility('in.v2solutions.hybrid.testcases.VWR_01_Verify_Apply_Leave_Functionality_verify_Apply_Leave_Functionality_byStatus_passed_PASS2_details')">verify_Apply_Leave_Functionality({RunMode=Y})</a>
               </td>
               <td nowrap="true">12:59:26</td>
               <td nowrap="true" align="right">3m
                  32s
                  
               </td>
               <td nowrap="true">
                   
                  
               </td>
            </tr>
            <tr>
               <td colspan="4" class="detailsBox">
                  <div id="in.v2solutions.hybrid.testcases.VWR_01_Verify_Apply_Leave_Functionality_verify_Apply_Leave_Functionality_byStatus_passed_PASS2_details"
                       class="testMethodDetails">
                     <div>
                        <b>Name: </b>verify_Apply_Leave_Functionality
                     </div>
                     <div>
                        <b>Signature: </b>verify_Apply_Leave_Functionality(java.util.Hashtable)[pri:0, instance:in.v2solutions.hybrid.testcases.VWR_01_Verify_Apply_Leave_Functionality@1aafa419]
                     </div>
                     <div>
                        <b>Parameters: </b>
                        
                        {RunMode=Y}
                        
                        
                     </div>
                     <div>
                        <b>Start time: </b>12:59:26
                     </div>
                     <div>
                        <b>End time: </b>13:01:59
                     </div>
                     <div>
                        <b>Duration: </b>3m
                        32s
                        
                     </div>
                  </div>
               </td>
            </tr>
            <tr></tr>
            <tr id="in.v2solutions.hybrid.testcases.VWR_01_Verify_Apply_Leave_Functionality_afterTest_byStatus_passed_PASS3_row"
                class="testMethodStatusPASS testMethodStatusCONF">
               <td width="100%" class="firstMethodCell">
                  <a onclick="toggleDetailsVisibility('in.v2solutions.hybrid.testcases.VWR_01_Verify_Apply_Leave_Functionality_afterTest_byStatus_passed_PASS3_details')">afterTest()</a>
               </td>
               <td nowrap="true">13:01:59</td>
               <td nowrap="true" align="right">1 ms
                  
               </td>
               <td nowrap="true">
                   
                  
               </td>
            </tr>
            <tr>
               <td colspan="4" class="detailsBox">
                  <div id="in.v2solutions.hybrid.testcases.VWR_01_Verify_Apply_Leave_Functionality_afterTest_byStatus_passed_PASS3_details"
                       class="testMethodDetails">
                     <div>
                        <b>Name: </b>afterTest
                     </div>
                     <div>
                        <b>Signature: </b>afterTest()[pri:0, instance:in.v2solutions.hybrid.testcases.VWR_01_Verify_Apply_Leave_Functionality@1aafa419]
                     </div>
                     <div>
                        <b>Start time: </b>13:01:59
                     </div>
                     <div>
                        <b>End time: </b>13:01:59
                     </div>
                     <div>
                        <b>Duration: </b>1 ms
                        
                     </div>
                  </div>
               </td>
            </tr>
            <tr></tr>
            <tr id="in.v2solutions.hybrid.testcases.VWR_02_Verify_Apply_Maternity_Leave_Functionality_beforeTest_byStatus_passed_PASS4_row"
                class="testMethodStatusPASS testMethodStatusCONF">
               <td width="100%" class="firstMethodCell">
                  <a onclick="toggleDetailsVisibility('in.v2solutions.hybrid.testcases.VWR_02_Verify_Apply_Maternity_Leave_Functionality_beforeTest_byStatus_passed_PASS4_details')">beforeTest(V2 Refresh_QA_Build_1.8--VWR_TestCases_P1)</a>
               </td>
               <td nowrap="true">13:01:59</td>
               <td nowrap="true" align="right">0 ms
                  
               </td>
               <td nowrap="true">
                   
                  
               </td>
            </tr>
            <tr>
               <td colspan="4" class="detailsBox">
                  <div id="in.v2solutions.hybrid.testcases.VWR_02_Verify_Apply_Maternity_Leave_Functionality_beforeTest_byStatus_passed_PASS4_details"
                       class="testMethodDetails">
                     <div>
                        <b>Name: </b>beforeTest
                     </div>
                     <div>
                        <b>Signature: </b>beforeTest(java.lang.String)[pri:0, instance:in.v2solutions.hybrid.testcases.VWR_02_Verify_Apply_Maternity_Leave_Functionality@2d3379b4]
                     </div>
                     <div>
                        <b>Parameters: </b>
                        
                        V2 Refresh_QA_Build_1.8--VWR_TestCases_P1
                        
                        
                     </div>
                     <div>
                        <b>Start time: </b>13:01:59
                     </div>
                     <div>
                        <b>End time: </b>13:01:59
                     </div>
                     <div>
                        <b>Duration: </b>0 ms
                        
                     </div>
                  </div>
               </td>
            </tr>
            <tr></tr>
            <tr id="in.v2solutions.hybrid.testcases.VWR_02_Verify_Apply_Maternity_Leave_Functionality_afterTest_byStatus_passed_PASS5_row"
                class="testMethodStatusPASS testMethodStatusCONF">
               <td width="100%" class="firstMethodCell">
                  <a onclick="toggleDetailsVisibility('in.v2solutions.hybrid.testcases.VWR_02_Verify_Apply_Maternity_Leave_Functionality_afterTest_byStatus_passed_PASS5_details')">afterTest()</a>
               </td>
               <td nowrap="true">13:01:59</td>
               <td nowrap="true" align="right">1 ms
                  
               </td>
               <td nowrap="true">
                   
                  
               </td>
            </tr>
            <tr>
               <td colspan="4" class="detailsBox">
                  <div id="in.v2solutions.hybrid.testcases.VWR_02_Verify_Apply_Maternity_Leave_Functionality_afterTest_byStatus_passed_PASS5_details"
                       class="testMethodDetails">
                     <div>
                        <b>Name: </b>afterTest
                     </div>
                     <div>
                        <b>Signature: </b>afterTest()[pri:0, instance:in.v2solutions.hybrid.testcases.VWR_02_Verify_Apply_Maternity_Leave_Functionality@2d3379b4]
                     </div>
                     <div>
                        <b>Start time: </b>13:01:59
                     </div>
                     <div>
                        <b>End time: </b>13:01:59
                     </div>
                     <div>
                        <b>Duration: </b>1 ms
                        
                     </div>
                  </div>
               </td>
            </tr>
            <tr></tr>
            <tr id="in.v2solutions.hybrid.testcases.VWR_03_Verify_Update_Edit_Delete_Leave_Functionality_beforeTest_byStatus_passed_PASS6_row"
                class="testMethodStatusPASS testMethodStatusCONF">
               <td width="100%" class="firstMethodCell">
                  <a onclick="toggleDetailsVisibility('in.v2solutions.hybrid.testcases.VWR_03_Verify_Update_Edit_Delete_Leave_Functionality_beforeTest_byStatus_passed_PASS6_details')">beforeTest(V2 Refresh_QA_Build_1.8--VWR_TestCases_P1)</a>
               </td>
               <td nowrap="true">13:01:59</td>
               <td nowrap="true" align="right">0 ms
                  
               </td>
               <td nowrap="true">
                   
                  
               </td>
            </tr>
            <tr>
               <td colspan="4" class="detailsBox">
                  <div id="in.v2solutions.hybrid.testcases.VWR_03_Verify_Update_Edit_Delete_Leave_Functionality_beforeTest_byStatus_passed_PASS6_details"
                       class="testMethodDetails">
                     <div>
                        <b>Name: </b>beforeTest
                     </div>
                     <div>
                        <b>Signature: </b>beforeTest(java.lang.String)[pri:0, instance:in.v2solutions.hybrid.testcases.VWR_03_Verify_Update_Edit_Delete_Leave_Functionality@2b71e916]
                     </div>
                     <div>
                        <b>Parameters: </b>
                        
                        V2 Refresh_QA_Build_1.8--VWR_TestCases_P1
                        
                        
                     </div>
                     <div>
                        <b>Start time: </b>13:01:59
                     </div>
                     <div>
                        <b>End time: </b>13:01:59
                     </div>
                     <div>
                        <b>Duration: </b>0 ms
                        
                     </div>
                  </div>
               </td>
            </tr>
            <tr></tr>
            <tr id="in.v2solutions.hybrid.testcases.VWR_03_Verify_Update_Edit_Delete_Leave_Functionality_afterTest_byStatus_passed_PASS7_row"
                class="testMethodStatusPASS testMethodStatusCONF">
               <td width="100%" class="firstMethodCell">
                  <a onclick="toggleDetailsVisibility('in.v2solutions.hybrid.testcases.VWR_03_Verify_Update_Edit_Delete_Leave_Functionality_afterTest_byStatus_passed_PASS7_details')">afterTest()</a>
               </td>
               <td nowrap="true">13:01:59</td>
               <td nowrap="true" align="right">2 ms
                  
               </td>
               <td nowrap="true">
                   
                  
               </td>
            </tr>
            <tr>
               <td colspan="4" class="detailsBox">
                  <div id="in.v2solutions.hybrid.testcases.VWR_03_Verify_Update_Edit_Delete_Leave_Functionality_afterTest_byStatus_passed_PASS7_details"
                       class="testMethodDetails">
                     <div>
                        <b>Name: </b>afterTest
                     </div>
                     <div>
                        <b>Signature: </b>afterTest()[pri:0, instance:in.v2solutions.hybrid.testcases.VWR_03_Verify_Update_Edit_Delete_Leave_Functionality@2b71e916]
                     </div>
                     <div>
                        <b>Start time: </b>13:01:59
                     </div>
                     <div>
                        <b>End time: </b>13:01:59
                     </div>
                     <div>
                        <b>Duration: </b>2 ms
                        
                     </div>
                  </div>
               </td>
            </tr>
            <tr></tr>
            <tr id="in.v2solutions.hybrid.testcases.VWR_04_Verify_Male_Emp_Should_not_see_Maternity_Leave_In_Dropdown_beforeTest_byStatus_passed_PASS8_row"
                class="testMethodStatusPASS testMethodStatusCONF">
               <td width="100%" class="firstMethodCell">
                  <a onclick="toggleDetailsVisibility('in.v2solutions.hybrid.testcases.VWR_04_Verify_Male_Emp_Should_not_see_Maternity_Leave_In_Dropdown_beforeTest_byStatus_passed_PASS8_details')">beforeTest(V2 Refresh_QA_Build_1.8--VWR_TestCases_P1)</a>
               </td>
               <td nowrap="true">13:01:59</td>
               <td nowrap="true" align="right">0 ms
                  
               </td>
               <td nowrap="true">
                   
                  
               </td>
            </tr>
            <tr>
               <td colspan="4" class="detailsBox">
                  <div id="in.v2solutions.hybrid.testcases.VWR_04_Verify_Male_Emp_Should_not_see_Maternity_Leave_In_Dropdown_beforeTest_byStatus_passed_PASS8_details"
                       class="testMethodDetails">
                     <div>
                        <b>Name: </b>beforeTest
                     </div>
                     <div>
                        <b>Signature: </b>beforeTest(java.lang.String)[pri:0, instance:in.v2solutions.hybrid.testcases.VWR_04_Verify_Male_Emp_Should_not_see_Maternity_Leave_In_Dropdown@175c2241]
                     </div>
                     <div>
                        <b>Parameters: </b>
                        
                        V2 Refresh_QA_Build_1.8--VWR_TestCases_P1
                        
                        
                     </div>
                     <div>
                        <b>Start time: </b>13:01:59
                     </div>
                     <div>
                        <b>End time: </b>13:01:59
                     </div>
                     <div>
                        <b>Duration: </b>0 ms
                        
                     </div>
                  </div>
               </td>
            </tr>
            <tr></tr>
            <tr id="in.v2solutions.hybrid.testcases.VWR_04_Verify_Male_Emp_Should_not_see_Maternity_Leave_In_Dropdown_afterTest_byStatus_passed_PASS9_row"
                class="testMethodStatusPASS testMethodStatusCONF">
               <td width="100%" class="firstMethodCell">
                  <a onclick="toggleDetailsVisibility('in.v2solutions.hybrid.testcases.VWR_04_Verify_Male_Emp_Should_not_see_Maternity_Leave_In_Dropdown_afterTest_byStatus_passed_PASS9_details')">afterTest()</a>
               </td>
               <td nowrap="true">13:01:59</td>
               <td nowrap="true" align="right">0 ms
                  
               </td>
               <td nowrap="true">
                   
                  
               </td>
            </tr>
            <tr>
               <td colspan="4" class="detailsBox">
                  <div id="in.v2solutions.hybrid.testcases.VWR_04_Verify_Male_Emp_Should_not_see_Maternity_Leave_In_Dropdown_afterTest_byStatus_passed_PASS9_details"
                       class="testMethodDetails">
                     <div>
                        <b>Name: </b>afterTest
                     </div>
                     <div>
                        <b>Signature: </b>afterTest()[pri:0, instance:in.v2solutions.hybrid.testcases.VWR_04_Verify_Male_Emp_Should_not_see_Maternity_Leave_In_Dropdown@175c2241]
                     </div>
                     <div>
                        <b>Start time: </b>13:01:59
                     </div>
                     <div>
                        <b>End time: </b>13:01:59
                     </div>
                     <div>
                        <b>Duration: </b>0 ms
                        
                     </div>
                  </div>
               </td>
            </tr>
            <tr></tr>
            <tr id="in.v2solutions.hybrid.testcases.VWR_05_Verify_Helpdesk_Functionality_beforeTest_byStatus_passed_PASS10_row"
                class="testMethodStatusPASS testMethodStatusCONF">
               <td width="100%" class="firstMethodCell">
                  <a onclick="toggleDetailsVisibility('in.v2solutions.hybrid.testcases.VWR_05_Verify_Helpdesk_Functionality_beforeTest_byStatus_passed_PASS10_details')">beforeTest(V2 Refresh_QA_Build_1.8--VWR_TestCases_P1)</a>
               </td>
               <td nowrap="true">13:01:59</td>
               <td nowrap="true" align="right">1 ms
                  
               </td>
               <td nowrap="true">
                   
                  
               </td>
            </tr>
            <tr>
               <td colspan="4" class="detailsBox">
                  <div id="in.v2solutions.hybrid.testcases.VWR_05_Verify_Helpdesk_Functionality_beforeTest_byStatus_passed_PASS10_details"
                       class="testMethodDetails">
                     <div>
                        <b>Name: </b>beforeTest
                     </div>
                     <div>
                        <b>Signature: </b>beforeTest(java.lang.String)[pri:0, instance:in.v2solutions.hybrid.testcases.VWR_05_Verify_Helpdesk_Functionality@557caf28]
                     </div>
                     <div>
                        <b>Parameters: </b>
                        
                        V2 Refresh_QA_Build_1.8--VWR_TestCases_P1
                        
                        
                     </div>
                     <div>
                        <b>Start time: </b>13:01:59
                     </div>
                     <div>
                        <b>End time: </b>13:01:59
                     </div>
                     <div>
                        <b>Duration: </b>1 ms
                        
                     </div>
                  </div>
               </td>
            </tr>
            <tr></tr>
            <tr id="in.v2solutions.hybrid.testcases.VWR_05_Verify_Helpdesk_Functionality_afterTest_byStatus_passed_PASS11_row"
                class="testMethodStatusPASS testMethodStatusCONF">
               <td width="100%" class="firstMethodCell">
                  <a onclick="toggleDetailsVisibility('in.v2solutions.hybrid.testcases.VWR_05_Verify_Helpdesk_Functionality_afterTest_byStatus_passed_PASS11_details')">afterTest()</a>
               </td>
               <td nowrap="true">13:01:59</td>
               <td nowrap="true" align="right">0 ms
                  
               </td>
               <td nowrap="true">
                   
                  
               </td>
            </tr>
            <tr>
               <td colspan="4" class="detailsBox">
                  <div id="in.v2solutions.hybrid.testcases.VWR_05_Verify_Helpdesk_Functionality_afterTest_byStatus_passed_PASS11_details"
                       class="testMethodDetails">
                     <div>
                        <b>Name: </b>afterTest
                     </div>
                     <div>
                        <b>Signature: </b>afterTest()[pri:0, instance:in.v2solutions.hybrid.testcases.VWR_05_Verify_Helpdesk_Functionality@557caf28]
                     </div>
                     <div>
                        <b>Start time: </b>13:01:59
                     </div>
                     <div>
                        <b>End time: </b>13:01:59
                     </div>
                     <div>
                        <b>Duration: </b>0 ms
                        
                     </div>
                  </div>
               </td>
            </tr>
            <tr></tr>
            <tr id="in.v2solutions.hybrid.testcases.VWR_06_Verify_Employees_Personal_Information_beforeTest_byStatus_passed_PASS12_row"
                class="testMethodStatusPASS testMethodStatusCONF">
               <td width="100%" class="firstMethodCell">
                  <a onclick="toggleDetailsVisibility('in.v2solutions.hybrid.testcases.VWR_06_Verify_Employees_Personal_Information_beforeTest_byStatus_passed_PASS12_details')">beforeTest(V2 Refresh_QA_Build_1.8--VWR_TestCases_P1)</a>
               </td>
               <td nowrap="true">13:01:59</td>
               <td nowrap="true" align="right">1 ms
                  
               </td>
               <td nowrap="true">
                   
                  
               </td>
            </tr>
            <tr>
               <td colspan="4" class="detailsBox">
                  <div id="in.v2solutions.hybrid.testcases.VWR_06_Verify_Employees_Personal_Information_beforeTest_byStatus_passed_PASS12_details"
                       class="testMethodDetails">
                     <div>
                        <b>Name: </b>beforeTest
                     </div>
                     <div>
                        <b>Signature: </b>beforeTest(java.lang.String)[pri:0, instance:in.v2solutions.hybrid.testcases.VWR_06_Verify_Employees_Personal_Information@22555ebf]
                     </div>
                     <div>
                        <b>Parameters: </b>
                        
                        V2 Refresh_QA_Build_1.8--VWR_TestCases_P1
                        
                        
                     </div>
                     <div>
                        <b>Start time: </b>13:01:59
                     </div>
                     <div>
                        <b>End time: </b>13:01:59
                     </div>
                     <div>
                        <b>Duration: </b>1 ms
                        
                     </div>
                  </div>
               </td>
            </tr>
            <tr></tr>
            <tr id="in.v2solutions.hybrid.testcases.VWR_06_Verify_Employees_Personal_Information_afterTest_byStatus_passed_PASS13_row"
                class="testMethodStatusPASS testMethodStatusCONF">
               <td width="100%" class="firstMethodCell">
                  <a onclick="toggleDetailsVisibility('in.v2solutions.hybrid.testcases.VWR_06_Verify_Employees_Personal_Information_afterTest_byStatus_passed_PASS13_details')">afterTest()</a>
               </td>
               <td nowrap="true">13:01:59</td>
               <td nowrap="true" align="right">1 ms
                  
               </td>
               <td nowrap="true">
                   
                  
               </td>
            </tr>
            <tr>
               <td colspan="4" class="detailsBox">
                  <div id="in.v2solutions.hybrid.testcases.VWR_06_Verify_Employees_Personal_Information_afterTest_byStatus_passed_PASS13_details"
                       class="testMethodDetails">
                     <div>
                        <b>Name: </b>afterTest
                     </div>
                     <div>
                        <b>Signature: </b>afterTest()[pri:0, instance:in.v2solutions.hybrid.testcases.VWR_06_Verify_Employees_Personal_Information@22555ebf]
                     </div>
                     <div>
                        <b>Start time: </b>13:01:59
                     </div>
                     <div>
                        <b>End time: </b>13:01:59
                     </div>
                     <div>
                        <b>Duration: </b>1 ms
                        
                     </div>
                  </div>
               </td>
            </tr>
            <tr></tr>
            <tr id="in.v2solutions.hybrid.testcases.VWR_07_Verify_Employees_Professional_Information_beforeTest_byStatus_passed_PASS14_row"
                class="testMethodStatusPASS testMethodStatusCONF">
               <td width="100%" class="firstMethodCell">
                  <a onclick="toggleDetailsVisibility('in.v2solutions.hybrid.testcases.VWR_07_Verify_Employees_Professional_Information_beforeTest_byStatus_passed_PASS14_details')">beforeTest(V2 Refresh_QA_Build_1.8--VWR_TestCases_P1)</a>
               </td>
               <td nowrap="true">13:01:59</td>
               <td nowrap="true" align="right">0 ms
                  
               </td>
               <td nowrap="true">
                   
                  
               </td>
            </tr>
            <tr>
               <td colspan="4" class="detailsBox">
                  <div id="in.v2solutions.hybrid.testcases.VWR_07_Verify_Employees_Professional_Information_beforeTest_byStatus_passed_PASS14_details"
                       class="testMethodDetails">
                     <div>
                        <b>Name: </b>beforeTest
                     </div>
                     <div>
                        <b>Signature: </b>beforeTest(java.lang.String)[pri:0, instance:in.v2solutions.hybrid.testcases.VWR_07_Verify_Employees_Professional_Information@43bc63a3]
                     </div>
                     <div>
                        <b>Parameters: </b>
                        
                        V2 Refresh_QA_Build_1.8--VWR_TestCases_P1
                        
                        
                     </div>
                     <div>
                        <b>Start time: </b>13:01:59
                     </div>
                     <div>
                        <b>End time: </b>13:01:59
                     </div>
                     <div>
                        <b>Duration: </b>0 ms
                        
                     </div>
                  </div>
               </td>
            </tr>
            <tr></tr>
            <tr id="in.v2solutions.hybrid.testcases.VWR_07_Verify_Employees_Professional_Information_afterTest_byStatus_passed_PASS15_row"
                class="testMethodStatusPASS testMethodStatusCONF">
               <td width="100%" class="firstMethodCell">
                  <a onclick="toggleDetailsVisibility('in.v2solutions.hybrid.testcases.VWR_07_Verify_Employees_Professional_Information_afterTest_byStatus_passed_PASS15_details')">afterTest()</a>
               </td>
               <td nowrap="true">13:01:59</td>
               <td nowrap="true" align="right">1 ms
                  
               </td>
               <td nowrap="true">
                   
                  
               </td>
            </tr>
            <tr>
               <td colspan="4" class="detailsBox">
                  <div id="in.v2solutions.hybrid.testcases.VWR_07_Verify_Employees_Professional_Information_afterTest_byStatus_passed_PASS15_details"
                       class="testMethodDetails">
                     <div>
                        <b>Name: </b>afterTest
                     </div>
                     <div>
                        <b>Signature: </b>afterTest()[pri:0, instance:in.v2solutions.hybrid.testcases.VWR_07_Verify_Employees_Professional_Information@43bc63a3]
                     </div>
                     <div>
                        <b>Start time: </b>13:01:59
                     </div>
                     <div>
                        <b>End time: </b>13:01:59
                     </div>
                     <div>
                        <b>Duration: </b>1 ms
                        
                     </div>
                  </div>
               </td>
            </tr>
            <tr></tr>
            <tr id="in.v2solutions.hybrid.testcases.VWR_08_Verify_Dashboard_Functionality_beforeTest_byStatus_passed_PASS16_row"
                class="testMethodStatusPASS testMethodStatusCONF">
               <td width="100%" class="firstMethodCell">
                  <a onclick="toggleDetailsVisibility('in.v2solutions.hybrid.testcases.VWR_08_Verify_Dashboard_Functionality_beforeTest_byStatus_passed_PASS16_details')">beforeTest(V2 Refresh_QA_Build_1.8--VWR_TestCases_P1)</a>
               </td>
               <td nowrap="true">13:01:59</td>
               <td nowrap="true" align="right">0 ms
                  
               </td>
               <td nowrap="true">
                   
                  
               </td>
            </tr>
            <tr>
               <td colspan="4" class="detailsBox">
                  <div id="in.v2solutions.hybrid.testcases.VWR_08_Verify_Dashboard_Functionality_beforeTest_byStatus_passed_PASS16_details"
                       class="testMethodDetails">
                     <div>
                        <b>Name: </b>beforeTest
                     </div>
                     <div>
                        <b>Signature: </b>beforeTest(java.lang.String)[pri:0, instance:in.v2solutions.hybrid.testcases.VWR_08_Verify_Dashboard_Functionality@7586beff]
                     </div>
                     <div>
                        <b>Parameters: </b>
                        
                        V2 Refresh_QA_Build_1.8--VWR_TestCases_P1
                        
                        
                     </div>
                     <div>
                        <b>Start time: </b>13:01:59
                     </div>
                     <div>
                        <b>End time: </b>13:01:59
                     </div>
                     <div>
                        <b>Duration: </b>0 ms
                        
                     </div>
                  </div>
               </td>
            </tr>
            <tr></tr>
            <tr id="in.v2solutions.hybrid.testcases.VWR_08_Verify_Dashboard_Functionality_afterTest_byStatus_passed_PASS17_row"
                class="testMethodStatusPASS testMethodStatusCONF">
               <td width="100%" class="firstMethodCell">
                  <a onclick="toggleDetailsVisibility('in.v2solutions.hybrid.testcases.VWR_08_Verify_Dashboard_Functionality_afterTest_byStatus_passed_PASS17_details')">afterTest()</a>
               </td>
               <td nowrap="true">13:01:59</td>
               <td nowrap="true" align="right">1 ms
                  
               </td>
               <td nowrap="true">
                   
                  
               </td>
            </tr>
            <tr>
               <td colspan="4" class="detailsBox">
                  <div id="in.v2solutions.hybrid.testcases.VWR_08_Verify_Dashboard_Functionality_afterTest_byStatus_passed_PASS17_details"
                       class="testMethodDetails">
                     <div>
                        <b>Name: </b>afterTest
                     </div>
                     <div>
                        <b>Signature: </b>afterTest()[pri:0, instance:in.v2solutions.hybrid.testcases.VWR_08_Verify_Dashboard_Functionality@7586beff]
                     </div>
                     <div>
                        <b>Start time: </b>13:01:59
                     </div>
                     <div>
                        <b>End time: </b>13:01:59
                     </div>
                     <div>
                        <b>Duration: </b>1 ms
                        
                     </div>
                  </div>
               </td>
            </tr>
            <tr></tr>
            <tr id="in.v2solutions.hybrid.testcases.VWR_09_Verify_Expense_Reimbursement_Functionality_beforeTest_byStatus_passed_PASS18_row"
                class="testMethodStatusPASS testMethodStatusCONF">
               <td width="100%" class="firstMethodCell">
                  <a onclick="toggleDetailsVisibility('in.v2solutions.hybrid.testcases.VWR_09_Verify_Expense_Reimbursement_Functionality_beforeTest_byStatus_passed_PASS18_details')">beforeTest(V2 Refresh_QA_Build_1.8--VWR_TestCases_P1)</a>
               </td>
               <td nowrap="true">13:01:59</td>
               <td nowrap="true" align="right">1 ms
                  
               </td>
               <td nowrap="true">
                   
                  
               </td>
            </tr>
            <tr>
               <td colspan="4" class="detailsBox">
                  <div id="in.v2solutions.hybrid.testcases.VWR_09_Verify_Expense_Reimbursement_Functionality_beforeTest_byStatus_passed_PASS18_details"
                       class="testMethodDetails">
                     <div>
                        <b>Name: </b>beforeTest
                     </div>
                     <div>
                        <b>Signature: </b>beforeTest(java.lang.String)[pri:0, instance:in.v2solutions.hybrid.testcases.VWR_09_Verify_Expense_Reimbursement_Functionality@7e6f74c]
                     </div>
                     <div>
                        <b>Parameters: </b>
                        
                        V2 Refresh_QA_Build_1.8--VWR_TestCases_P1
                        
                        
                     </div>
                     <div>
                        <b>Start time: </b>13:01:59
                     </div>
                     <div>
                        <b>End time: </b>13:01:59
                     </div>
                     <div>
                        <b>Duration: </b>1 ms
                        
                     </div>
                  </div>
               </td>
            </tr>
            <tr></tr>
            <tr id="in.v2solutions.hybrid.testcases.VWR_09_Verify_Expense_Reimbursement_Functionality_afterTest_byStatus_passed_PASS19_row"
                class="testMethodStatusPASS testMethodStatusCONF">
               <td width="100%" class="firstMethodCell">
                  <a onclick="toggleDetailsVisibility('in.v2solutions.hybrid.testcases.VWR_09_Verify_Expense_Reimbursement_Functionality_afterTest_byStatus_passed_PASS19_details')">afterTest()</a>
               </td>
               <td nowrap="true">13:01:59</td>
               <td nowrap="true" align="right">0 ms
                  
               </td>
               <td nowrap="true">
                   
                  
               </td>
            </tr>
            <tr>
               <td colspan="4" class="detailsBox">
                  <div id="in.v2solutions.hybrid.testcases.VWR_09_Verify_Expense_Reimbursement_Functionality_afterTest_byStatus_passed_PASS19_details"
                       class="testMethodDetails">
                     <div>
                        <b>Name: </b>afterTest
                     </div>
                     <div>
                        <b>Signature: </b>afterTest()[pri:0, instance:in.v2solutions.hybrid.testcases.VWR_09_Verify_Expense_Reimbursement_Functionality@7e6f74c]
                     </div>
                     <div>
                        <b>Start time: </b>13:01:59
                     </div>
                     <div>
                        <b>End time: </b>13:01:59
                     </div>
                     <div>
                        <b>Duration: </b>0 ms
                        
                     </div>
                  </div>
               </td>
            </tr>
            <tr></tr>
            <tr id="in.v2solutions.hybrid.testcases.VWR_10_Verify_Reports_Functionality_beforeTest_byStatus_passed_PASS20_row"
                class="testMethodStatusPASS testMethodStatusCONF">
               <td width="100%" class="firstMethodCell">
                  <a onclick="toggleDetailsVisibility('in.v2solutions.hybrid.testcases.VWR_10_Verify_Reports_Functionality_beforeTest_byStatus_passed_PASS20_details')">beforeTest(V2 Refresh_QA_Build_1.8--VWR_TestCases_P1)</a>
               </td>
               <td nowrap="true">13:01:59</td>
               <td nowrap="true" align="right">1 ms
                  
               </td>
               <td nowrap="true">
                   
                  
               </td>
            </tr>
            <tr>
               <td colspan="4" class="detailsBox">
                  <div id="in.v2solutions.hybrid.testcases.VWR_10_Verify_Reports_Functionality_beforeTest_byStatus_passed_PASS20_details"
                       class="testMethodDetails">
                     <div>
                        <b>Name: </b>beforeTest
                     </div>
                     <div>
                        <b>Signature: </b>beforeTest(java.lang.String)[pri:0, instance:in.v2solutions.hybrid.testcases.VWR_10_Verify_Reports_Functionality@5aa9e4eb]
                     </div>
                     <div>
                        <b>Parameters: </b>
                        
                        V2 Refresh_QA_Build_1.8--VWR_TestCases_P1
                        
                        
                     </div>
                     <div>
                        <b>Start time: </b>13:01:59
                     </div>
                     <div>
                        <b>End time: </b>13:01:59
                     </div>
                     <div>
                        <b>Duration: </b>1 ms
                        
                     </div>
                  </div>
               </td>
            </tr>
            <tr></tr>
            <tr id="in.v2solutions.hybrid.testcases.VWR_10_Verify_Reports_Functionality_afterTest_byStatus_passed_PASS21_row"
                class="testMethodStatusPASS testMethodStatusCONF">
               <td width="100%" class="firstMethodCell">
                  <a onclick="toggleDetailsVisibility('in.v2solutions.hybrid.testcases.VWR_10_Verify_Reports_Functionality_afterTest_byStatus_passed_PASS21_details')">afterTest()</a>
               </td>
               <td nowrap="true">13:01:59</td>
               <td nowrap="true" align="right">1 ms
                  
               </td>
               <td nowrap="true">
                   
                  
               </td>
            </tr>
            <tr>
               <td colspan="4" class="detailsBox">
                  <div id="in.v2solutions.hybrid.testcases.VWR_10_Verify_Reports_Functionality_afterTest_byStatus_passed_PASS21_details"
                       class="testMethodDetails">
                     <div>
                        <b>Name: </b>afterTest
                     </div>
                     <div>
                        <b>Signature: </b>afterTest()[pri:0, instance:in.v2solutions.hybrid.testcases.VWR_10_Verify_Reports_Functionality@5aa9e4eb]
                     </div>
                     <div>
                        <b>Start time: </b>13:01:59
                     </div>
                     <div>
                        <b>End time: </b>13:01:59
                     </div>
                     <div>
                        <b>Duration: </b>1 ms
                        
                     </div>
                  </div>
               </td>
            </tr>
            <tr></tr>
            <tr id="in.v2solutions.hybrid.testcases.VWR_11_Verify_HR_Maintenance_Functionality_beforeTest_byStatus_passed_PASS22_row"
                class="testMethodStatusPASS testMethodStatusCONF">
               <td width="100%" class="firstMethodCell">
                  <a onclick="toggleDetailsVisibility('in.v2solutions.hybrid.testcases.VWR_11_Verify_HR_Maintenance_Functionality_beforeTest_byStatus_passed_PASS22_details')">beforeTest(V2 Refresh_QA_Build_1.8--VWR_TestCases_P1)</a>
               </td>
               <td nowrap="true">13:01:59</td>
               <td nowrap="true" align="right">1 ms
                  
               </td>
               <td nowrap="true">
                   
                  
               </td>
            </tr>
            <tr>
               <td colspan="4" class="detailsBox">
                  <div id="in.v2solutions.hybrid.testcases.VWR_11_Verify_HR_Maintenance_Functionality_beforeTest_byStatus_passed_PASS22_details"
                       class="testMethodDetails">
                     <div>
                        <b>Name: </b>beforeTest
                     </div>
                     <div>
                        <b>Signature: </b>beforeTest(java.lang.String)[pri:0, instance:in.v2solutions.hybrid.testcases.VWR_11_Verify_HR_Maintenance_Functionality@229f66ed]
                     </div>
                     <div>
                        <b>Parameters: </b>
                        
                        V2 Refresh_QA_Build_1.8--VWR_TestCases_P1
                        
                        
                     </div>
                     <div>
                        <b>Start time: </b>13:01:59
                     </div>
                     <div>
                        <b>End time: </b>13:01:59
                     </div>
                     <div>
                        <b>Duration: </b>1 ms
                        
                     </div>
                  </div>
               </td>
            </tr>
            <tr></tr>
            <tr id="in.v2solutions.hybrid.testcases.VWR_11_Verify_HR_Maintenance_Functionality_afterTest_byStatus_passed_PASS23_row"
                class="testMethodStatusPASS testMethodStatusCONF">
               <td width="100%" class="firstMethodCell">
                  <a onclick="toggleDetailsVisibility('in.v2solutions.hybrid.testcases.VWR_11_Verify_HR_Maintenance_Functionality_afterTest_byStatus_passed_PASS23_details')">afterTest()</a>
               </td>
               <td nowrap="true">13:01:59</td>
               <td nowrap="true" align="right">1 ms
                  
               </td>
               <td nowrap="true">
                   
                  
               </td>
            </tr>
            <tr>
               <td colspan="4" class="detailsBox">
                  <div id="in.v2solutions.hybrid.testcases.VWR_11_Verify_HR_Maintenance_Functionality_afterTest_byStatus_passed_PASS23_details"
                       class="testMethodDetails">
                     <div>
                        <b>Name: </b>afterTest
                     </div>
                     <div>
                        <b>Signature: </b>afterTest()[pri:0, instance:in.v2solutions.hybrid.testcases.VWR_11_Verify_HR_Maintenance_Functionality@229f66ed]
                     </div>
                     <div>
                        <b>Start time: </b>13:01:59
                     </div>
                     <div>
                        <b>End time: </b>13:01:59
                     </div>
                     <div>
                        <b>Duration: </b>1 ms
                        
                     </div>
                  </div>
               </td>
            </tr>
            <tr></tr>
            <tr id="in.v2solutions.hybrid.testcases.VWR_02_Verify_Apply_Maternity_Leave_Functionality_verify_Apply_Maternity_Leave_Functionality_byStatus_skiped_SKIP1_row"
                class="testMethodStatusSKIP">
               <td width="100%" class="firstMethodCell">
                  <a onclick="toggleDetailsVisibility('in.v2solutions.hybrid.testcases.VWR_02_Verify_Apply_Maternity_Leave_Functionality_verify_Apply_Maternity_Leave_Functionality_byStatus_skiped_SKIP1_details')">verify_Apply_Maternity_Leave_Functionality({RunMode=Y})</a>
               </td>
               <td nowrap="true">13:01:59</td>
               <td nowrap="true" align="right">0 ms
                  
               </td>
               <td nowrap="true">
                  <a onclick="toggleDetailsVisibility('in.v2solutions.hybrid.testcases.VWR_02_Verify_Apply_Maternity_Leave_Functionality_verify_Apply_Maternity_Leave_Functionality_byStatus_skiped_SKIP1_exception')">org.testng.SkipException: 
                     Skipping the test as runmode is NO
                     
                  </a>
                   
                  
               </td>
            </tr>
            <tr>
               <td colspan="4" class="detailsBox">
                  <div id="in.v2solutions.hybrid.testcases.VWR_02_Verify_Apply_Maternity_Leave_Functionality_verify_Apply_Maternity_Leave_Functionality_byStatus_skiped_SKIP1_details"
                       class="testMethodDetails">
                     <div>
                        <b>Name: </b>verify_Apply_Maternity_Leave_Functionality
                     </div>
                     <div>
                        <b>Signature: </b>verify_Apply_Maternity_Leave_Functionality(java.util.Hashtable)[pri:0, instance:in.v2solutions.hybrid.testcases.VWR_02_Verify_Apply_Maternity_Leave_Functionality@2d3379b4]
                     </div>
                     <div>
                        <b>Parameters: </b>
                        
                        {RunMode=Y}
                        
                        
                     </div>
                     <div>
                        <b>Start time: </b>13:01:59
                     </div>
                     <div>
                        <b>End time: </b>13:01:59
                     </div>
                     <div>
                        <b>Duration: </b>0 ms
                        
                     </div>
                  </div>
               </td>
            </tr>
            <tr>
               <td colspan="4" class="detailsBox">
                  <div id="in.v2solutions.hybrid.testcases.VWR_02_Verify_Apply_Maternity_Leave_Functionality_verify_Apply_Maternity_Leave_Functionality_byStatus_skiped_SKIP1_exception"
                       class="testMethodDetails">
                     <pre style="padding: 5px; margin: 0;">org.testng.SkipException: Skipping the test as runmode is NO
                        	at in.v2solutions.hybrid.testcases.VWR_02_Verify_Apply_Maternity_Leave_Functionality.verify_Apply_Maternity_Leave_Functionality(VWR_02_Verify_Apply_Maternity_Leave_Functionality.java:46)
                        	at sun.reflect.NativeMethodAccessorImpl.invoke0(Native Method)
                        	at sun.reflect.NativeMethodAccessorImpl.invoke(NativeMethodAccessorImpl.java:62)
                        	at sun.reflect.DelegatingMethodAccessorImpl.invoke(DelegatingMethodAccessorImpl.java:43)
                        	at java.lang.reflect.Method.invoke(Method.java:498)
                        	at org.testng.internal.MethodInvocationHelper.invokeMethod(MethodInvocationHelper.java:108)
                        	at org.testng.internal.Invoker.invokeMethod(Invoker.java:661)
                        	at org.testng.internal.Invoker.invokeTestMethod(Invoker.java:869)
                        	at org.testng.internal.Invoker.invokeTestMethods(Invoker.java:1193)
                        	at org.testng.internal.TestMethodWorker.invokeTestMethods(TestMethodWorker.java:126)
                        	at org.testng.internal.TestMethodWorker.run(TestMethodWorker.java:109)
                        	at org.testng.TestRunner.privateRun(TestRunner.java:744)
                        	at org.testng.TestRunner.run(TestRunner.java:602)
                        	at org.testng.SuiteRunner.runTest(SuiteRunner.java:380)
                        	at org.testng.SuiteRunner.runSequentially(SuiteRunner.java:375)
                        	at org.testng.SuiteRunner.privateRun(SuiteRunner.java:340)
                        	at org.testng.SuiteRunner.run(SuiteRunner.java:289)
                        	at org.testng.SuiteRunnerWorker.runSuite(SuiteRunnerWorker.java:52)
                        	at org.testng.SuiteRunnerWorker.run(SuiteRunnerWorker.java:86)
                        	at org.testng.TestNG.runSuitesSequentially(TestNG.java:1301)
                        	at org.testng.TestNG.runSuitesLocally(TestNG.java:1226)
                        	at org.testng.TestNG.runSuites(TestNG.java:1144)
                        	at org.testng.TestNG.run(TestNG.java:1115)
                        	at org.testng.TestNG.privateMain(TestNG.java:1442)
                        	at org.testng.TestNG.main(TestNG.java:1411)
                     </pre>
                  </div>
               </td>
            </tr>
            <tr id="in.v2solutions.hybrid.testcases.VWR_03_Verify_Update_Edit_Delete_Leave_Functionality_verify_Update_Edit_Delete_Leave_Functionality_byStatus_skiped_SKIP2_row"
                class="testMethodStatusSKIP">
               <td width="100%" class="firstMethodCell">
                  <a onclick="toggleDetailsVisibility('in.v2solutions.hybrid.testcases.VWR_03_Verify_Update_Edit_Delete_Leave_Functionality_verify_Update_Edit_Delete_Leave_Functionality_byStatus_skiped_SKIP2_details')">verify_Update_Edit_Delete_Leave_Functionality({RunMode=Y})</a>
               </td>
               <td nowrap="true">13:01:59</td>
               <td nowrap="true" align="right">0 ms
                  
               </td>
               <td nowrap="true">
                  <a onclick="toggleDetailsVisibility('in.v2solutions.hybrid.testcases.VWR_03_Verify_Update_Edit_Delete_Leave_Functionality_verify_Update_Edit_Delete_Leave_Functionality_byStatus_skiped_SKIP2_exception')">org.testng.SkipException: 
                     Skipping the test as runmode is NO
                     
                  </a>
                   
                  
               </td>
            </tr>
            <tr>
               <td colspan="4" class="detailsBox">
                  <div id="in.v2solutions.hybrid.testcases.VWR_03_Verify_Update_Edit_Delete_Leave_Functionality_verify_Update_Edit_Delete_Leave_Functionality_byStatus_skiped_SKIP2_details"
                       class="testMethodDetails">
                     <div>
                        <b>Name: </b>verify_Update_Edit_Delete_Leave_Functionality
                     </div>
                     <div>
                        <b>Signature: </b>verify_Update_Edit_Delete_Leave_Functionality(java.util.Hashtable)[pri:0, instance:in.v2solutions.hybrid.testcases.VWR_03_Verify_Update_Edit_Delete_Leave_Functionality@2b71e916]
                     </div>
                     <div>
                        <b>Parameters: </b>
                        
                        {RunMode=Y}
                        
                        
                     </div>
                     <div>
                        <b>Start time: </b>13:01:59
                     </div>
                     <div>
                        <b>End time: </b>13:01:59
                     </div>
                     <div>
                        <b>Duration: </b>0 ms
                        
                     </div>
                  </div>
               </td>
            </tr>
            <tr>
               <td colspan="4" class="detailsBox">
                  <div id="in.v2solutions.hybrid.testcases.VWR_03_Verify_Update_Edit_Delete_Leave_Functionality_verify_Update_Edit_Delete_Leave_Functionality_byStatus_skiped_SKIP2_exception"
                       class="testMethodDetails">
                     <pre style="padding: 5px; margin: 0;">org.testng.SkipException: Skipping the test as runmode is NO
                        	at in.v2solutions.hybrid.testcases.VWR_03_Verify_Update_Edit_Delete_Leave_Functionality.verify_Update_Edit_Delete_Leave_Functionality(VWR_03_Verify_Update_Edit_Delete_Leave_Functionality.java:46)
                        	at sun.reflect.NativeMethodAccessorImpl.invoke0(Native Method)
                        	at sun.reflect.NativeMethodAccessorImpl.invoke(NativeMethodAccessorImpl.java:62)
                        	at sun.reflect.DelegatingMethodAccessorImpl.invoke(DelegatingMethodAccessorImpl.java:43)
                        	at java.lang.reflect.Method.invoke(Method.java:498)
                        	at org.testng.internal.MethodInvocationHelper.invokeMethod(MethodInvocationHelper.java:108)
                        	at org.testng.internal.Invoker.invokeMethod(Invoker.java:661)
                        	at org.testng.internal.Invoker.invokeTestMethod(Invoker.java:869)
                        	at org.testng.internal.Invoker.invokeTestMethods(Invoker.java:1193)
                        	at org.testng.internal.TestMethodWorker.invokeTestMethods(TestMethodWorker.java:126)
                        	at org.testng.internal.TestMethodWorker.run(TestMethodWorker.java:109)
                        	at org.testng.TestRunner.privateRun(TestRunner.java:744)
                        	at org.testng.TestRunner.run(TestRunner.java:602)
                        	at org.testng.SuiteRunner.runTest(SuiteRunner.java:380)
                        	at org.testng.SuiteRunner.runSequentially(SuiteRunner.java:375)
                        	at org.testng.SuiteRunner.privateRun(SuiteRunner.java:340)
                        	at org.testng.SuiteRunner.run(SuiteRunner.java:289)
                        	at org.testng.SuiteRunnerWorker.runSuite(SuiteRunnerWorker.java:52)
                        	at org.testng.SuiteRunnerWorker.run(SuiteRunnerWorker.java:86)
                        	at org.testng.TestNG.runSuitesSequentially(TestNG.java:1301)
                        	at org.testng.TestNG.runSuitesLocally(TestNG.java:1226)
                        	at org.testng.TestNG.runSuites(TestNG.java:1144)
                        	at org.testng.TestNG.run(TestNG.java:1115)
                        	at org.testng.TestNG.privateMain(TestNG.java:1442)
                        	at org.testng.TestNG.main(TestNG.java:1411)
                     </pre>
                  </div>
               </td>
            </tr>
            <tr id="in.v2solutions.hybrid.testcases.VWR_04_Verify_Male_Emp_Should_not_see_Maternity_Leave_In_Dropdown_verify_Male_Emp_Should_not_see_Maternity_Leave_In_Dropdown_byStatus_skiped_SKIP3_row"
                class="testMethodStatusSKIP">
               <td width="100%" class="firstMethodCell">
                  <a onclick="toggleDetailsVisibility('in.v2solutions.hybrid.testcases.VWR_04_Verify_Male_Emp_Should_not_see_Maternity_Leave_In_Dropdown_verify_Male_Emp_Should_not_see_Maternity_Leave_In_Dropdown_byStatus_skiped_SKIP3_details')">verify_Male_Emp_Should_not_see_Maternity_Leave_In_Dropdown({RunMode=Y})</a>
               </td>
               <td nowrap="true">13:01:59</td>
               <td nowrap="true" align="right">1 ms
                  
               </td>
               <td nowrap="true">
                  <a onclick="toggleDetailsVisibility('in.v2solutions.hybrid.testcases.VWR_04_Verify_Male_Emp_Should_not_see_Maternity_Leave_In_Dropdown_verify_Male_Emp_Should_not_see_Maternity_Leave_In_Dropdown_byStatus_skiped_SKIP3_exception')">org.testng.SkipException: 
                     Skipping the test as runmode is NO
                     
                  </a>
                   
                  
               </td>
            </tr>
            <tr>
               <td colspan="4" class="detailsBox">
                  <div id="in.v2solutions.hybrid.testcases.VWR_04_Verify_Male_Emp_Should_not_see_Maternity_Leave_In_Dropdown_verify_Male_Emp_Should_not_see_Maternity_Leave_In_Dropdown_byStatus_skiped_SKIP3_details"
                       class="testMethodDetails">
                     <div>
                        <b>Name: </b>verify_Male_Emp_Should_not_see_Maternity_Leave_In_Dropdown
                     </div>
                     <div>
                        <b>Signature: </b>verify_Male_Emp_Should_not_see_Maternity_Leave_In_Dropdown(java.util.Hashtable)[pri:0, instance:in.v2solutions.hybrid.testcases.VWR_04_Verify_Male_Emp_Should_not_see_Maternity_Leave_In_Dropdown@175c2241]
                     </div>
                     <div>
                        <b>Parameters: </b>
                        
                        {RunMode=Y}
                        
                        
                     </div>
                     <div>
                        <b>Start time: </b>13:01:59
                     </div>
                     <div>
                        <b>End time: </b>13:01:59
                     </div>
                     <div>
                        <b>Duration: </b>1 ms
                        
                     </div>
                  </div>
               </td>
            </tr>
            <tr>
               <td colspan="4" class="detailsBox">
                  <div id="in.v2solutions.hybrid.testcases.VWR_04_Verify_Male_Emp_Should_not_see_Maternity_Leave_In_Dropdown_verify_Male_Emp_Should_not_see_Maternity_Leave_In_Dropdown_byStatus_skiped_SKIP3_exception"
                       class="testMethodDetails">
                     <pre style="padding: 5px; margin: 0;">org.testng.SkipException: Skipping the test as runmode is NO
                        	at in.v2solutions.hybrid.testcases.VWR_04_Verify_Male_Emp_Should_not_see_Maternity_Leave_In_Dropdown.verify_Male_Emp_Should_not_see_Maternity_Leave_In_Dropdown(VWR_04_Verify_Male_Emp_Should_not_see_Maternity_Leave_In_Dropdown.java:46)
                        	at sun.reflect.NativeMethodAccessorImpl.invoke0(Native Method)
                        	at sun.reflect.NativeMethodAccessorImpl.invoke(NativeMethodAccessorImpl.java:62)
                        	at sun.reflect.DelegatingMethodAccessorImpl.invoke(DelegatingMethodAccessorImpl.java:43)
                        	at java.lang.reflect.Method.invoke(Method.java:498)
                        	at org.testng.internal.MethodInvocationHelper.invokeMethod(MethodInvocationHelper.java:108)
                        	at org.testng.internal.Invoker.invokeMethod(Invoker.java:661)
                        	at org.testng.internal.Invoker.invokeTestMethod(Invoker.java:869)
                        	at org.testng.internal.Invoker.invokeTestMethods(Invoker.java:1193)
                        	at org.testng.internal.TestMethodWorker.invokeTestMethods(TestMethodWorker.java:126)
                        	at org.testng.internal.TestMethodWorker.run(TestMethodWorker.java:109)
                        	at org.testng.TestRunner.privateRun(TestRunner.java:744)
                        	at org.testng.TestRunner.run(TestRunner.java:602)
                        	at org.testng.SuiteRunner.runTest(SuiteRunner.java:380)
                        	at org.testng.SuiteRunner.runSequentially(SuiteRunner.java:375)
                        	at org.testng.SuiteRunner.privateRun(SuiteRunner.java:340)
                        	at org.testng.SuiteRunner.run(SuiteRunner.java:289)
                        	at org.testng.SuiteRunnerWorker.runSuite(SuiteRunnerWorker.java:52)
                        	at org.testng.SuiteRunnerWorker.run(SuiteRunnerWorker.java:86)
                        	at org.testng.TestNG.runSuitesSequentially(TestNG.java:1301)
                        	at org.testng.TestNG.runSuitesLocally(TestNG.java:1226)
                        	at org.testng.TestNG.runSuites(TestNG.java:1144)
                        	at org.testng.TestNG.run(TestNG.java:1115)
                        	at org.testng.TestNG.privateMain(TestNG.java:1442)
                        	at org.testng.TestNG.main(TestNG.java:1411)
                     </pre>
                  </div>
               </td>
            </tr>
            <tr id="in.v2solutions.hybrid.testcases.VWR_05_Verify_Helpdesk_Functionality_verify_Helpdesk_Functionality_byStatus_skiped_SKIP4_row"
                class="testMethodStatusSKIP">
               <td width="100%" class="firstMethodCell">
                  <a onclick="toggleDetailsVisibility('in.v2solutions.hybrid.testcases.VWR_05_Verify_Helpdesk_Functionality_verify_Helpdesk_Functionality_byStatus_skiped_SKIP4_details')">verify_Helpdesk_Functionality({RunMode=Y})</a>
               </td>
               <td nowrap="true">13:01:59</td>
               <td nowrap="true" align="right">1 ms
                  
               </td>
               <td nowrap="true">
                  <a onclick="toggleDetailsVisibility('in.v2solutions.hybrid.testcases.VWR_05_Verify_Helpdesk_Functionality_verify_Helpdesk_Functionality_byStatus_skiped_SKIP4_exception')">org.testng.SkipException: 
                     Skipping the test as runmode is NO
                     
                  </a>
                   
                  
               </td>
            </tr>
            <tr>
               <td colspan="4" class="detailsBox">
                  <div id="in.v2solutions.hybrid.testcases.VWR_05_Verify_Helpdesk_Functionality_verify_Helpdesk_Functionality_byStatus_skiped_SKIP4_details"
                       class="testMethodDetails">
                     <div>
                        <b>Name: </b>verify_Helpdesk_Functionality
                     </div>
                     <div>
                        <b>Signature: </b>verify_Helpdesk_Functionality(java.util.Hashtable)[pri:0, instance:in.v2solutions.hybrid.testcases.VWR_05_Verify_Helpdesk_Functionality@557caf28]
                     </div>
                     <div>
                        <b>Parameters: </b>
                        
                        {RunMode=Y}
                        
                        
                     </div>
                     <div>
                        <b>Start time: </b>13:01:59
                     </div>
                     <div>
                        <b>End time: </b>13:01:59
                     </div>
                     <div>
                        <b>Duration: </b>1 ms
                        
                     </div>
                  </div>
               </td>
            </tr>
            <tr>
               <td colspan="4" class="detailsBox">
                  <div id="in.v2solutions.hybrid.testcases.VWR_05_Verify_Helpdesk_Functionality_verify_Helpdesk_Functionality_byStatus_skiped_SKIP4_exception"
                       class="testMethodDetails">
                     <pre style="padding: 5px; margin: 0;">org.testng.SkipException: Skipping the test as runmode is NO
                        	at in.v2solutions.hybrid.testcases.VWR_05_Verify_Helpdesk_Functionality.verify_Helpdesk_Functionality(VWR_05_Verify_Helpdesk_Functionality.java:46)
                        	at sun.reflect.NativeMethodAccessorImpl.invoke0(Native Method)
                        	at sun.reflect.NativeMethodAccessorImpl.invoke(NativeMethodAccessorImpl.java:62)
                        	at sun.reflect.DelegatingMethodAccessorImpl.invoke(DelegatingMethodAccessorImpl.java:43)
                        	at java.lang.reflect.Method.invoke(Method.java:498)
                        	at org.testng.internal.MethodInvocationHelper.invokeMethod(MethodInvocationHelper.java:108)
                        	at org.testng.internal.Invoker.invokeMethod(Invoker.java:661)
                        	at org.testng.internal.Invoker.invokeTestMethod(Invoker.java:869)
                        	at org.testng.internal.Invoker.invokeTestMethods(Invoker.java:1193)
                        	at org.testng.internal.TestMethodWorker.invokeTestMethods(TestMethodWorker.java:126)
                        	at org.testng.internal.TestMethodWorker.run(TestMethodWorker.java:109)
                        	at org.testng.TestRunner.privateRun(TestRunner.java:744)
                        	at org.testng.TestRunner.run(TestRunner.java:602)
                        	at org.testng.SuiteRunner.runTest(SuiteRunner.java:380)
                        	at org.testng.SuiteRunner.runSequentially(SuiteRunner.java:375)
                        	at org.testng.SuiteRunner.privateRun(SuiteRunner.java:340)
                        	at org.testng.SuiteRunner.run(SuiteRunner.java:289)
                        	at org.testng.SuiteRunnerWorker.runSuite(SuiteRunnerWorker.java:52)
                        	at org.testng.SuiteRunnerWorker.run(SuiteRunnerWorker.java:86)
                        	at org.testng.TestNG.runSuitesSequentially(TestNG.java:1301)
                        	at org.testng.TestNG.runSuitesLocally(TestNG.java:1226)
                        	at org.testng.TestNG.runSuites(TestNG.java:1144)
                        	at org.testng.TestNG.run(TestNG.java:1115)
                        	at org.testng.TestNG.privateMain(TestNG.java:1442)
                        	at org.testng.TestNG.main(TestNG.java:1411)
                     </pre>
                  </div>
               </td>
            </tr>
            <tr id="in.v2solutions.hybrid.testcases.VWR_06_Verify_Employees_Personal_Information_verify_Employees_Personal_Information_byStatus_skiped_SKIP5_row"
                class="testMethodStatusSKIP">
               <td width="100%" class="firstMethodCell">
                  <a onclick="toggleDetailsVisibility('in.v2solutions.hybrid.testcases.VWR_06_Verify_Employees_Personal_Information_verify_Employees_Personal_Information_byStatus_skiped_SKIP5_details')">verify_Employees_Personal_Information({RunMode=Y})</a>
               </td>
               <td nowrap="true">13:01:59</td>
               <td nowrap="true" align="right">0 ms
                  
               </td>
               <td nowrap="true">
                  <a onclick="toggleDetailsVisibility('in.v2solutions.hybrid.testcases.VWR_06_Verify_Employees_Personal_Information_verify_Employees_Personal_Information_byStatus_skiped_SKIP5_exception')">org.testng.SkipException: 
                     Skipping the test as runmode is NO
                     
                  </a>
                   
                  
               </td>
            </tr>
            <tr>
               <td colspan="4" class="detailsBox">
                  <div id="in.v2solutions.hybrid.testcases.VWR_06_Verify_Employees_Personal_Information_verify_Employees_Personal_Information_byStatus_skiped_SKIP5_details"
                       class="testMethodDetails">
                     <div>
                        <b>Name: </b>verify_Employees_Personal_Information
                     </div>
                     <div>
                        <b>Signature: </b>verify_Employees_Personal_Information(java.util.Hashtable)[pri:0, instance:in.v2solutions.hybrid.testcases.VWR_06_Verify_Employees_Personal_Information@22555ebf]
                     </div>
                     <div>
                        <b>Parameters: </b>
                        
                        {RunMode=Y}
                        
                        
                     </div>
                     <div>
                        <b>Start time: </b>13:01:59
                     </div>
                     <div>
                        <b>End time: </b>13:01:59
                     </div>
                     <div>
                        <b>Duration: </b>0 ms
                        
                     </div>
                  </div>
               </td>
            </tr>
            <tr>
               <td colspan="4" class="detailsBox">
                  <div id="in.v2solutions.hybrid.testcases.VWR_06_Verify_Employees_Personal_Information_verify_Employees_Personal_Information_byStatus_skiped_SKIP5_exception"
                       class="testMethodDetails">
                     <pre style="padding: 5px; margin: 0;">org.testng.SkipException: Skipping the test as runmode is NO
                        	at in.v2solutions.hybrid.testcases.VWR_06_Verify_Employees_Personal_Information.verify_Employees_Personal_Information(VWR_06_Verify_Employees_Personal_Information.java:46)
                        	at sun.reflect.NativeMethodAccessorImpl.invoke0(Native Method)
                        	at sun.reflect.NativeMethodAccessorImpl.invoke(NativeMethodAccessorImpl.java:62)
                        	at sun.reflect.DelegatingMethodAccessorImpl.invoke(DelegatingMethodAccessorImpl.java:43)
                        	at java.lang.reflect.Method.invoke(Method.java:498)
                        	at org.testng.internal.MethodInvocationHelper.invokeMethod(MethodInvocationHelper.java:108)
                        	at org.testng.internal.Invoker.invokeMethod(Invoker.java:661)
                        	at org.testng.internal.Invoker.invokeTestMethod(Invoker.java:869)
                        	at org.testng.internal.Invoker.invokeTestMethods(Invoker.java:1193)
                        	at org.testng.internal.TestMethodWorker.invokeTestMethods(TestMethodWorker.java:126)
                        	at org.testng.internal.TestMethodWorker.run(TestMethodWorker.java:109)
                        	at org.testng.TestRunner.privateRun(TestRunner.java:744)
                        	at org.testng.TestRunner.run(TestRunner.java:602)
                        	at org.testng.SuiteRunner.runTest(SuiteRunner.java:380)
                        	at org.testng.SuiteRunner.runSequentially(SuiteRunner.java:375)
                        	at org.testng.SuiteRunner.privateRun(SuiteRunner.java:340)
                        	at org.testng.SuiteRunner.run(SuiteRunner.java:289)
                        	at org.testng.SuiteRunnerWorker.runSuite(SuiteRunnerWorker.java:52)
                        	at org.testng.SuiteRunnerWorker.run(SuiteRunnerWorker.java:86)
                        	at org.testng.TestNG.runSuitesSequentially(TestNG.java:1301)
                        	at org.testng.TestNG.runSuitesLocally(TestNG.java:1226)
                        	at org.testng.TestNG.runSuites(TestNG.java:1144)
                        	at org.testng.TestNG.run(TestNG.java:1115)
                        	at org.testng.TestNG.privateMain(TestNG.java:1442)
                        	at org.testng.TestNG.main(TestNG.java:1411)
                     </pre>
                  </div>
               </td>
            </tr>
            <tr id="in.v2solutions.hybrid.testcases.VWR_07_Verify_Employees_Professional_Information_verify_Employees_Professional_Information_byStatus_skiped_SKIP6_row"
                class="testMethodStatusSKIP">
               <td width="100%" class="firstMethodCell">
                  <a onclick="toggleDetailsVisibility('in.v2solutions.hybrid.testcases.VWR_07_Verify_Employees_Professional_Information_verify_Employees_Professional_Information_byStatus_skiped_SKIP6_details')">verify_Employees_Professional_Information({RunMode=Y})</a>
               </td>
               <td nowrap="true">13:01:59</td>
               <td nowrap="true" align="right">0 ms
                  
               </td>
               <td nowrap="true">
                  <a onclick="toggleDetailsVisibility('in.v2solutions.hybrid.testcases.VWR_07_Verify_Employees_Professional_Information_verify_Employees_Professional_Information_byStatus_skiped_SKIP6_exception')">org.testng.SkipException: 
                     Skipping the test as runmode is NO
                     
                  </a>
                   
                  
               </td>
            </tr>
            <tr>
               <td colspan="4" class="detailsBox">
                  <div id="in.v2solutions.hybrid.testcases.VWR_07_Verify_Employees_Professional_Information_verify_Employees_Professional_Information_byStatus_skiped_SKIP6_details"
                       class="testMethodDetails">
                     <div>
                        <b>Name: </b>verify_Employees_Professional_Information
                     </div>
                     <div>
                        <b>Signature: </b>verify_Employees_Professional_Information(java.util.Hashtable)[pri:0, instance:in.v2solutions.hybrid.testcases.VWR_07_Verify_Employees_Professional_Information@43bc63a3]
                     </div>
                     <div>
                        <b>Parameters: </b>
                        
                        {RunMode=Y}
                        
                        
                     </div>
                     <div>
                        <b>Start time: </b>13:01:59
                     </div>
                     <div>
                        <b>End time: </b>13:01:59
                     </div>
                     <div>
                        <b>Duration: </b>0 ms
                        
                     </div>
                  </div>
               </td>
            </tr>
            <tr>
               <td colspan="4" class="detailsBox">
                  <div id="in.v2solutions.hybrid.testcases.VWR_07_Verify_Employees_Professional_Information_verify_Employees_Professional_Information_byStatus_skiped_SKIP6_exception"
                       class="testMethodDetails">
                     <pre style="padding: 5px; margin: 0;">org.testng.SkipException: Skipping the test as runmode is NO
                        	at in.v2solutions.hybrid.testcases.VWR_07_Verify_Employees_Professional_Information.verify_Employees_Professional_Information(VWR_07_Verify_Employees_Professional_Information.java:46)
                        	at sun.reflect.NativeMethodAccessorImpl.invoke0(Native Method)
                        	at sun.reflect.NativeMethodAccessorImpl.invoke(NativeMethodAccessorImpl.java:62)
                        	at sun.reflect.DelegatingMethodAccessorImpl.invoke(DelegatingMethodAccessorImpl.java:43)
                        	at java.lang.reflect.Method.invoke(Method.java:498)
                        	at org.testng.internal.MethodInvocationHelper.invokeMethod(MethodInvocationHelper.java:108)
                        	at org.testng.internal.Invoker.invokeMethod(Invoker.java:661)
                        	at org.testng.internal.Invoker.invokeTestMethod(Invoker.java:869)
                        	at org.testng.internal.Invoker.invokeTestMethods(Invoker.java:1193)
                        	at org.testng.internal.TestMethodWorker.invokeTestMethods(TestMethodWorker.java:126)
                        	at org.testng.internal.TestMethodWorker.run(TestMethodWorker.java:109)
                        	at org.testng.TestRunner.privateRun(TestRunner.java:744)
                        	at org.testng.TestRunner.run(TestRunner.java:602)
                        	at org.testng.SuiteRunner.runTest(SuiteRunner.java:380)
                        	at org.testng.SuiteRunner.runSequentially(SuiteRunner.java:375)
                        	at org.testng.SuiteRunner.privateRun(SuiteRunner.java:340)
                        	at org.testng.SuiteRunner.run(SuiteRunner.java:289)
                        	at org.testng.SuiteRunnerWorker.runSuite(SuiteRunnerWorker.java:52)
                        	at org.testng.SuiteRunnerWorker.run(SuiteRunnerWorker.java:86)
                        	at org.testng.TestNG.runSuitesSequentially(TestNG.java:1301)
                        	at org.testng.TestNG.runSuitesLocally(TestNG.java:1226)
                        	at org.testng.TestNG.runSuites(TestNG.java:1144)
                        	at org.testng.TestNG.run(TestNG.java:1115)
                        	at org.testng.TestNG.privateMain(TestNG.java:1442)
                        	at org.testng.TestNG.main(TestNG.java:1411)
                     </pre>
                  </div>
               </td>
            </tr>
            <tr id="in.v2solutions.hybrid.testcases.VWR_08_Verify_Dashboard_Functionality_verify_Dashboard_Functionality_byStatus_skiped_SKIP7_row"
                class="testMethodStatusSKIP">
               <td width="100%" class="firstMethodCell">
                  <a onclick="toggleDetailsVisibility('in.v2solutions.hybrid.testcases.VWR_08_Verify_Dashboard_Functionality_verify_Dashboard_Functionality_byStatus_skiped_SKIP7_details')">verify_Dashboard_Functionality({RunMode=Y})</a>
               </td>
               <td nowrap="true">13:01:59</td>
               <td nowrap="true" align="right">0 ms
                  
               </td>
               <td nowrap="true">
                  <a onclick="toggleDetailsVisibility('in.v2solutions.hybrid.testcases.VWR_08_Verify_Dashboard_Functionality_verify_Dashboard_Functionality_byStatus_skiped_SKIP7_exception')">org.testng.SkipException: 
                     Skipping the test as runmode is NO
                     
                  </a>
                   
                  
               </td>
            </tr>
            <tr>
               <td colspan="4" class="detailsBox">
                  <div id="in.v2solutions.hybrid.testcases.VWR_08_Verify_Dashboard_Functionality_verify_Dashboard_Functionality_byStatus_skiped_SKIP7_details"
                       class="testMethodDetails">
                     <div>
                        <b>Name: </b>verify_Dashboard_Functionality
                     </div>
                     <div>
                        <b>Signature: </b>verify_Dashboard_Functionality(java.util.Hashtable)[pri:0, instance:in.v2solutions.hybrid.testcases.VWR_08_Verify_Dashboard_Functionality@7586beff]
                     </div>
                     <div>
                        <b>Parameters: </b>
                        
                        {RunMode=Y}
                        
                        
                     </div>
                     <div>
                        <b>Start time: </b>13:01:59
                     </div>
                     <div>
                        <b>End time: </b>13:01:59
                     </div>
                     <div>
                        <b>Duration: </b>0 ms
                        
                     </div>
                  </div>
               </td>
            </tr>
            <tr>
               <td colspan="4" class="detailsBox">
                  <div id="in.v2solutions.hybrid.testcases.VWR_08_Verify_Dashboard_Functionality_verify_Dashboard_Functionality_byStatus_skiped_SKIP7_exception"
                       class="testMethodDetails">
                     <pre style="padding: 5px; margin: 0;">org.testng.SkipException: Skipping the test as runmode is NO
                        	at in.v2solutions.hybrid.testcases.VWR_08_Verify_Dashboard_Functionality.verify_Dashboard_Functionality(VWR_08_Verify_Dashboard_Functionality.java:46)
                        	at sun.reflect.NativeMethodAccessorImpl.invoke0(Native Method)
                        	at sun.reflect.NativeMethodAccessorImpl.invoke(NativeMethodAccessorImpl.java:62)
                        	at sun.reflect.DelegatingMethodAccessorImpl.invoke(DelegatingMethodAccessorImpl.java:43)
                        	at java.lang.reflect.Method.invoke(Method.java:498)
                        	at org.testng.internal.MethodInvocationHelper.invokeMethod(MethodInvocationHelper.java:108)
                        	at org.testng.internal.Invoker.invokeMethod(Invoker.java:661)
                        	at org.testng.internal.Invoker.invokeTestMethod(Invoker.java:869)
                        	at org.testng.internal.Invoker.invokeTestMethods(Invoker.java:1193)
                        	at org.testng.internal.TestMethodWorker.invokeTestMethods(TestMethodWorker.java:126)
                        	at org.testng.internal.TestMethodWorker.run(TestMethodWorker.java:109)
                        	at org.testng.TestRunner.privateRun(TestRunner.java:744)
                        	at org.testng.TestRunner.run(TestRunner.java:602)
                        	at org.testng.SuiteRunner.runTest(SuiteRunner.java:380)
                        	at org.testng.SuiteRunner.runSequentially(SuiteRunner.java:375)
                        	at org.testng.SuiteRunner.privateRun(SuiteRunner.java:340)
                        	at org.testng.SuiteRunner.run(SuiteRunner.java:289)
                        	at org.testng.SuiteRunnerWorker.runSuite(SuiteRunnerWorker.java:52)
                        	at org.testng.SuiteRunnerWorker.run(SuiteRunnerWorker.java:86)
                        	at org.testng.TestNG.runSuitesSequentially(TestNG.java:1301)
                        	at org.testng.TestNG.runSuitesLocally(TestNG.java:1226)
                        	at org.testng.TestNG.runSuites(TestNG.java:1144)
                        	at org.testng.TestNG.run(TestNG.java:1115)
                        	at org.testng.TestNG.privateMain(TestNG.java:1442)
                        	at org.testng.TestNG.main(TestNG.java:1411)
                     </pre>
                  </div>
               </td>
            </tr>
            <tr id="in.v2solutions.hybrid.testcases.VWR_09_Verify_Expense_Reimbursement_Functionality_verify_Expense_Reimbursement_Functionality_byStatus_skiped_SKIP8_row"
                class="testMethodStatusSKIP">
               <td width="100%" class="firstMethodCell">
                  <a onclick="toggleDetailsVisibility('in.v2solutions.hybrid.testcases.VWR_09_Verify_Expense_Reimbursement_Functionality_verify_Expense_Reimbursement_Functionality_byStatus_skiped_SKIP8_details')">verify_Expense_Reimbursement_Functionality({RunMode=Y})</a>
               </td>
               <td nowrap="true">13:01:59</td>
               <td nowrap="true" align="right">1 ms
                  
               </td>
               <td nowrap="true">
                  <a onclick="toggleDetailsVisibility('in.v2solutions.hybrid.testcases.VWR_09_Verify_Expense_Reimbursement_Functionality_verify_Expense_Reimbursement_Functionality_byStatus_skiped_SKIP8_exception')">org.testng.SkipException: 
                     Skipping the test as runmode is NO
                     
                  </a>
                   
                  
               </td>
            </tr>
            <tr>
               <td colspan="4" class="detailsBox">
                  <div id="in.v2solutions.hybrid.testcases.VWR_09_Verify_Expense_Reimbursement_Functionality_verify_Expense_Reimbursement_Functionality_byStatus_skiped_SKIP8_details"
                       class="testMethodDetails">
                     <div>
                        <b>Name: </b>verify_Expense_Reimbursement_Functionality
                     </div>
                     <div>
                        <b>Signature: </b>verify_Expense_Reimbursement_Functionality(java.util.Hashtable)[pri:0, instance:in.v2solutions.hybrid.testcases.VWR_09_Verify_Expense_Reimbursement_Functionality@7e6f74c]
                     </div>
                     <div>
                        <b>Parameters: </b>
                        
                        {RunMode=Y}
                        
                        
                     </div>
                     <div>
                        <b>Start time: </b>13:01:59
                     </div>
                     <div>
                        <b>End time: </b>13:01:59
                     </div>
                     <div>
                        <b>Duration: </b>1 ms
                        
                     </div>
                  </div>
               </td>
            </tr>
            <tr>
               <td colspan="4" class="detailsBox">
                  <div id="in.v2solutions.hybrid.testcases.VWR_09_Verify_Expense_Reimbursement_Functionality_verify_Expense_Reimbursement_Functionality_byStatus_skiped_SKIP8_exception"
                       class="testMethodDetails">
                     <pre style="padding: 5px; margin: 0;">org.testng.SkipException: Skipping the test as runmode is NO
                        	at in.v2solutions.hybrid.testcases.VWR_09_Verify_Expense_Reimbursement_Functionality.verify_Expense_Reimbursement_Functionality(VWR_09_Verify_Expense_Reimbursement_Functionality.java:46)
                        	at sun.reflect.NativeMethodAccessorImpl.invoke0(Native Method)
                        	at sun.reflect.NativeMethodAccessorImpl.invoke(NativeMethodAccessorImpl.java:62)
                        	at sun.reflect.DelegatingMethodAccessorImpl.invoke(DelegatingMethodAccessorImpl.java:43)
                        	at java.lang.reflect.Method.invoke(Method.java:498)
                        	at org.testng.internal.MethodInvocationHelper.invokeMethod(MethodInvocationHelper.java:108)
                        	at org.testng.internal.Invoker.invokeMethod(Invoker.java:661)
                        	at org.testng.internal.Invoker.invokeTestMethod(Invoker.java:869)
                        	at org.testng.internal.Invoker.invokeTestMethods(Invoker.java:1193)
                        	at org.testng.internal.TestMethodWorker.invokeTestMethods(TestMethodWorker.java:126)
                        	at org.testng.internal.TestMethodWorker.run(TestMethodWorker.java:109)
                        	at org.testng.TestRunner.privateRun(TestRunner.java:744)
                        	at org.testng.TestRunner.run(TestRunner.java:602)
                        	at org.testng.SuiteRunner.runTest(SuiteRunner.java:380)
                        	at org.testng.SuiteRunner.runSequentially(SuiteRunner.java:375)
                        	at org.testng.SuiteRunner.privateRun(SuiteRunner.java:340)
                        	at org.testng.SuiteRunner.run(SuiteRunner.java:289)
                        	at org.testng.SuiteRunnerWorker.runSuite(SuiteRunnerWorker.java:52)
                        	at org.testng.SuiteRunnerWorker.run(SuiteRunnerWorker.java:86)
                        	at org.testng.TestNG.runSuitesSequentially(TestNG.java:1301)
                        	at org.testng.TestNG.runSuitesLocally(TestNG.java:1226)
                        	at org.testng.TestNG.runSuites(TestNG.java:1144)
                        	at org.testng.TestNG.run(TestNG.java:1115)
                        	at org.testng.TestNG.privateMain(TestNG.java:1442)
                        	at org.testng.TestNG.main(TestNG.java:1411)
                     </pre>
                  </div>
               </td>
            </tr>
            <tr id="in.v2solutions.hybrid.testcases.VWR_10_Verify_Reports_Functionality_verify_Reports_Functionality_byStatus_skiped_SKIP9_row"
                class="testMethodStatusSKIP">
               <td width="100%" class="firstMethodCell">
                  <a onclick="toggleDetailsVisibility('in.v2solutions.hybrid.testcases.VWR_10_Verify_Reports_Functionality_verify_Reports_Functionality_byStatus_skiped_SKIP9_details')">verify_Reports_Functionality({RunMode=Y})</a>
               </td>
               <td nowrap="true">13:01:59</td>
               <td nowrap="true" align="right">0 ms
                  
               </td>
               <td nowrap="true">
                  <a onclick="toggleDetailsVisibility('in.v2solutions.hybrid.testcases.VWR_10_Verify_Reports_Functionality_verify_Reports_Functionality_byStatus_skiped_SKIP9_exception')">org.testng.SkipException: 
                     Skipping the test as runmode is NO
                     
                  </a>
                   
                  
               </td>
            </tr>
            <tr>
               <td colspan="4" class="detailsBox">
                  <div id="in.v2solutions.hybrid.testcases.VWR_10_Verify_Reports_Functionality_verify_Reports_Functionality_byStatus_skiped_SKIP9_details"
                       class="testMethodDetails">
                     <div>
                        <b>Name: </b>verify_Reports_Functionality
                     </div>
                     <div>
                        <b>Signature: </b>verify_Reports_Functionality(java.util.Hashtable)[pri:0, instance:in.v2solutions.hybrid.testcases.VWR_10_Verify_Reports_Functionality@5aa9e4eb]
                     </div>
                     <div>
                        <b>Parameters: </b>
                        
                        {RunMode=Y}
                        
                        
                     </div>
                     <div>
                        <b>Start time: </b>13:01:59
                     </div>
                     <div>
                        <b>End time: </b>13:01:59
                     </div>
                     <div>
                        <b>Duration: </b>0 ms
                        
                     </div>
                  </div>
               </td>
            </tr>
            <tr>
               <td colspan="4" class="detailsBox">
                  <div id="in.v2solutions.hybrid.testcases.VWR_10_Verify_Reports_Functionality_verify_Reports_Functionality_byStatus_skiped_SKIP9_exception"
                       class="testMethodDetails">
                     <pre style="padding: 5px; margin: 0;">org.testng.SkipException: Skipping the test as runmode is NO
                        	at in.v2solutions.hybrid.testcases.VWR_10_Verify_Reports_Functionality.verify_Reports_Functionality(VWR_10_Verify_Reports_Functionality.java:46)
                        	at sun.reflect.NativeMethodAccessorImpl.invoke0(Native Method)
                        	at sun.reflect.NativeMethodAccessorImpl.invoke(NativeMethodAccessorImpl.java:62)
                        	at sun.reflect.DelegatingMethodAccessorImpl.invoke(DelegatingMethodAccessorImpl.java:43)
                        	at java.lang.reflect.Method.invoke(Method.java:498)
                        	at org.testng.internal.MethodInvocationHelper.invokeMethod(MethodInvocationHelper.java:108)
                        	at org.testng.internal.Invoker.invokeMethod(Invoker.java:661)
                        	at org.testng.internal.Invoker.invokeTestMethod(Invoker.java:869)
                        	at org.testng.internal.Invoker.invokeTestMethods(Invoker.java:1193)
                        	at org.testng.internal.TestMethodWorker.invokeTestMethods(TestMethodWorker.java:126)
                        	at org.testng.internal.TestMethodWorker.run(TestMethodWorker.java:109)
                        	at org.testng.TestRunner.privateRun(TestRunner.java:744)
                        	at org.testng.TestRunner.run(TestRunner.java:602)
                        	at org.testng.SuiteRunner.runTest(SuiteRunner.java:380)
                        	at org.testng.SuiteRunner.runSequentially(SuiteRunner.java:375)
                        	at org.testng.SuiteRunner.privateRun(SuiteRunner.java:340)
                        	at org.testng.SuiteRunner.run(SuiteRunner.java:289)
                        	at org.testng.SuiteRunnerWorker.runSuite(SuiteRunnerWorker.java:52)
                        	at org.testng.SuiteRunnerWorker.run(SuiteRunnerWorker.java:86)
                        	at org.testng.TestNG.runSuitesSequentially(TestNG.java:1301)
                        	at org.testng.TestNG.runSuitesLocally(TestNG.java:1226)
                        	at org.testng.TestNG.runSuites(TestNG.java:1144)
                        	at org.testng.TestNG.run(TestNG.java:1115)
                        	at org.testng.TestNG.privateMain(TestNG.java:1442)
                        	at org.testng.TestNG.main(TestNG.java:1411)
                     </pre>
                  </div>
               </td>
            </tr>
            <tr id="in.v2solutions.hybrid.testcases.VWR_11_Verify_HR_Maintenance_Functionality_verify_HR_Maintenance_Functionality_byStatus_skiped_SKIP10_row"
                class="testMethodStatusSKIP">
               <td width="100%" class="firstMethodCell">
                  <a onclick="toggleDetailsVisibility('in.v2solutions.hybrid.testcases.VWR_11_Verify_HR_Maintenance_Functionality_verify_HR_Maintenance_Functionality_byStatus_skiped_SKIP10_details')">verify_HR_Maintenance_Functionality({RunMode=Y})</a>
               </td>
               <td nowrap="true">13:01:59</td>
               <td nowrap="true" align="right">0 ms
                  
               </td>
               <td nowrap="true">
                  <a onclick="toggleDetailsVisibility('in.v2solutions.hybrid.testcases.VWR_11_Verify_HR_Maintenance_Functionality_verify_HR_Maintenance_Functionality_byStatus_skiped_SKIP10_exception')">org.testng.SkipException: 
                     Skipping the test as runmode is NO
                     
                  </a>
                   
                  
               </td>
            </tr>
            <tr>
               <td colspan="4" class="detailsBox">
                  <div id="in.v2solutions.hybrid.testcases.VWR_11_Verify_HR_Maintenance_Functionality_verify_HR_Maintenance_Functionality_byStatus_skiped_SKIP10_details"
                       class="testMethodDetails">
                     <div>
                        <b>Name: </b>verify_HR_Maintenance_Functionality
                     </div>
                     <div>
                        <b>Signature: </b>verify_HR_Maintenance_Functionality(java.util.Hashtable)[pri:0, instance:in.v2solutions.hybrid.testcases.VWR_11_Verify_HR_Maintenance_Functionality@229f66ed]
                     </div>
                     <div>
                        <b>Parameters: </b>
                        
                        {RunMode=Y}
                        
                        
                     </div>
                     <div>
                        <b>Start time: </b>13:01:59
                     </div>
                     <div>
                        <b>End time: </b>13:01:59
                     </div>
                     <div>
                        <b>Duration: </b>0 ms
                        
                     </div>
                  </div>
               </td>
            </tr>
            <tr>
               <td colspan="4" class="detailsBox">
                  <div id="in.v2solutions.hybrid.testcases.VWR_11_Verify_HR_Maintenance_Functionality_verify_HR_Maintenance_Functionality_byStatus_skiped_SKIP10_exception"
                       class="testMethodDetails">
                     <pre style="padding: 5px; margin: 0;">org.testng.SkipException: Skipping the test as runmode is NO
                        	at in.v2solutions.hybrid.testcases.VWR_11_Verify_HR_Maintenance_Functionality.verify_HR_Maintenance_Functionality(VWR_11_Verify_HR_Maintenance_Functionality.java:46)
                        	at sun.reflect.NativeMethodAccessorImpl.invoke0(Native Method)
                        	at sun.reflect.NativeMethodAccessorImpl.invoke(NativeMethodAccessorImpl.java:62)
                        	at sun.reflect.DelegatingMethodAccessorImpl.invoke(DelegatingMethodAccessorImpl.java:43)
                        	at java.lang.reflect.Method.invoke(Method.java:498)
                        	at org.testng.internal.MethodInvocationHelper.invokeMethod(MethodInvocationHelper.java:108)
                        	at org.testng.internal.Invoker.invokeMethod(Invoker.java:661)
                        	at org.testng.internal.Invoker.invokeTestMethod(Invoker.java:869)
                        	at org.testng.internal.Invoker.invokeTestMethods(Invoker.java:1193)
                        	at org.testng.internal.TestMethodWorker.invokeTestMethods(TestMethodWorker.java:126)
                        	at org.testng.internal.TestMethodWorker.run(TestMethodWorker.java:109)
                        	at org.testng.TestRunner.privateRun(TestRunner.java:744)
                        	at org.testng.TestRunner.run(TestRunner.java:602)
                        	at org.testng.SuiteRunner.runTest(SuiteRunner.java:380)
                        	at org.testng.SuiteRunner.runSequentially(SuiteRunner.java:375)
                        	at org.testng.SuiteRunner.privateRun(SuiteRunner.java:340)
                        	at org.testng.SuiteRunner.run(SuiteRunner.java:289)
                        	at org.testng.SuiteRunnerWorker.runSuite(SuiteRunnerWorker.java:52)
                        	at org.testng.SuiteRunnerWorker.run(SuiteRunnerWorker.java:86)
                        	at org.testng.TestNG.runSuitesSequentially(TestNG.java:1301)
                        	at org.testng.TestNG.runSuitesLocally(TestNG.java:1226)
                        	at org.testng.TestNG.runSuites(TestNG.java:1144)
                        	at org.testng.TestNG.run(TestNG.java:1115)
                        	at org.testng.TestNG.privateMain(TestNG.java:1442)
                        	at org.testng.TestNG.main(TestNG.java:1411)
                     </pre>
                  </div>
               </td>
            </tr>
         </table>
      </div>
      <div id="testMethodsByClass" style="display: none;">
         <table class="testMethodsTable" cellpadding="0" cellspacing="0">
            <tr>
               <td colspan="4">
                  <h3 style="display: inline;">in.v2solutions.hybrid.testcases.VWR_01_Verify_Apply_Leave_Functionality</h3>
               </td>
            </tr>
            <tr class="methodsTableHeader">
               <td width="100%">Name</td>
               <td nowrap="true">Started</td>
               <td nowrap="true">Duration</td>
               <td>Exception</td>
            </tr>
            <tr id="in.v2solutions.hybrid.testcases.VWR_01_Verify_Apply_Leave_Functionality_beforeTest_byClass_PASS1_row"
                class="testMethodStatusPASS testMethodStatusCONF">
               <td width="100%" class="firstMethodCell">
                  <a onclick="toggleDetailsVisibility('in.v2solutions.hybrid.testcases.VWR_01_Verify_Apply_Leave_Functionality_beforeTest_byClass_PASS1_details')">beforeTest(V2 Refresh_QA_Build_1.8--VWR_TestCases_P1)</a>
               </td>
               <td nowrap="true">12:59:26</td>
               <td nowrap="true" align="right">16 ms
                  
               </td>
               <td nowrap="true">
                   
                  
               </td>
            </tr>
            <tr>
               <td colspan="4" class="detailsBox">
                  <div id="in.v2solutions.hybrid.testcases.VWR_01_Verify_Apply_Leave_Functionality_beforeTest_byClass_PASS1_details"
                       class="testMethodDetails">
                     <div>
                        <b>Name: </b>beforeTest
                     </div>
                     <div>
                        <b>Signature: </b>beforeTest(java.lang.String)[pri:0, instance:in.v2solutions.hybrid.testcases.VWR_01_Verify_Apply_Leave_Functionality@1aafa419]
                     </div>
                     <div>
                        <b>Parameters: </b>
                        
                        V2 Refresh_QA_Build_1.8--VWR_TestCases_P1
                        
                        
                     </div>
                     <div>
                        <b>Start time: </b>12:59:26
                     </div>
                     <div>
                        <b>End time: </b>12:59:26
                     </div>
                     <div>
                        <b>Duration: </b>16 ms
                        
                     </div>
                  </div>
               </td>
            </tr>
            <tr></tr>
            <tr id="in.v2solutions.hybrid.testcases.VWR_01_Verify_Apply_Leave_Functionality_verify_Apply_Leave_Functionality_byClass_PASS2_row"
                class="testMethodStatusPASS">
               <td width="100%" class="firstMethodCell">
                  <a onclick="toggleDetailsVisibility('in.v2solutions.hybrid.testcases.VWR_01_Verify_Apply_Leave_Functionality_verify_Apply_Leave_Functionality_byClass_PASS2_details')">verify_Apply_Leave_Functionality({RunMode=Y})</a>
               </td>
               <td nowrap="true">12:59:26</td>
               <td nowrap="true" align="right">3m
                  32s
                  
               </td>
               <td nowrap="true">
                   
                  
               </td>
            </tr>
            <tr>
               <td colspan="4" class="detailsBox">
                  <div id="in.v2solutions.hybrid.testcases.VWR_01_Verify_Apply_Leave_Functionality_verify_Apply_Leave_Functionality_byClass_PASS2_details"
                       class="testMethodDetails">
                     <div>
                        <b>Name: </b>verify_Apply_Leave_Functionality
                     </div>
                     <div>
                        <b>Signature: </b>verify_Apply_Leave_Functionality(java.util.Hashtable)[pri:0, instance:in.v2solutions.hybrid.testcases.VWR_01_Verify_Apply_Leave_Functionality@1aafa419]
                     </div>
                     <div>
                        <b>Parameters: </b>
                        
                        {RunMode=Y}
                        
                        
                     </div>
                     <div>
                        <b>Start time: </b>12:59:26
                     </div>
                     <div>
                        <b>End time: </b>13:01:59
                     </div>
                     <div>
                        <b>Duration: </b>3m
                        32s
                        
                     </div>
                  </div>
               </td>
            </tr>
            <tr></tr>
            <tr id="in.v2solutions.hybrid.testcases.VWR_01_Verify_Apply_Leave_Functionality_afterTest_byClass_PASS3_row"
                class="testMethodStatusPASS testMethodStatusCONF">
               <td width="100%" class="firstMethodCell">
                  <a onclick="toggleDetailsVisibility('in.v2solutions.hybrid.testcases.VWR_01_Verify_Apply_Leave_Functionality_afterTest_byClass_PASS3_details')">afterTest()</a>
               </td>
               <td nowrap="true">13:01:59</td>
               <td nowrap="true" align="right">1 ms
                  
               </td>
               <td nowrap="true">
                   
                  
               </td>
            </tr>
            <tr>
               <td colspan="4" class="detailsBox">
                  <div id="in.v2solutions.hybrid.testcases.VWR_01_Verify_Apply_Leave_Functionality_afterTest_byClass_PASS3_details"
                       class="testMethodDetails">
                     <div>
                        <b>Name: </b>afterTest
                     </div>
                     <div>
                        <b>Signature: </b>afterTest()[pri:0, instance:in.v2solutions.hybrid.testcases.VWR_01_Verify_Apply_Leave_Functionality@1aafa419]
                     </div>
                     <div>
                        <b>Start time: </b>13:01:59
                     </div>
                     <div>
                        <b>End time: </b>13:01:59
                     </div>
                     <div>
                        <b>Duration: </b>1 ms
                        
                     </div>
                  </div>
               </td>
            </tr>
            <tr></tr>
         </table>
         <br></br>
         <table class="testMethodsTable" cellpadding="0" cellspacing="0">
            <tr>
               <td colspan="4">
                  <h3 style="display: inline;">in.v2solutions.hybrid.testcases.VWR_02_Verify_Apply_Maternity_Leave_Functionality</h3>
               </td>
            </tr>
            <tr class="methodsTableHeader">
               <td width="100%">Name</td>
               <td nowrap="true">Started</td>
               <td nowrap="true">Duration</td>
               <td>Exception</td>
            </tr>
            <tr id="in.v2solutions.hybrid.testcases.VWR_02_Verify_Apply_Maternity_Leave_Functionality_beforeTest_byClass_PASS1_row"
                class="testMethodStatusPASS testMethodStatusCONF">
               <td width="100%" class="firstMethodCell">
                  <a onclick="toggleDetailsVisibility('in.v2solutions.hybrid.testcases.VWR_02_Verify_Apply_Maternity_Leave_Functionality_beforeTest_byClass_PASS1_details')">beforeTest(V2 Refresh_QA_Build_1.8--VWR_TestCases_P1)</a>
               </td>
               <td nowrap="true">13:01:59</td>
               <td nowrap="true" align="right">0 ms
                  
               </td>
               <td nowrap="true">
                   
                  
               </td>
            </tr>
            <tr>
               <td colspan="4" class="detailsBox">
                  <div id="in.v2solutions.hybrid.testcases.VWR_02_Verify_Apply_Maternity_Leave_Functionality_beforeTest_byClass_PASS1_details"
                       class="testMethodDetails">
                     <div>
                        <b>Name: </b>beforeTest
                     </div>
                     <div>
                        <b>Signature: </b>beforeTest(java.lang.String)[pri:0, instance:in.v2solutions.hybrid.testcases.VWR_02_Verify_Apply_Maternity_Leave_Functionality@2d3379b4]
                     </div>
                     <div>
                        <b>Parameters: </b>
                        
                        V2 Refresh_QA_Build_1.8--VWR_TestCases_P1
                        
                        
                     </div>
                     <div>
                        <b>Start time: </b>13:01:59
                     </div>
                     <div>
                        <b>End time: </b>13:01:59
                     </div>
                     <div>
                        <b>Duration: </b>0 ms
                        
                     </div>
                  </div>
               </td>
            </tr>
            <tr></tr>
            <tr id="in.v2solutions.hybrid.testcases.VWR_02_Verify_Apply_Maternity_Leave_Functionality_verify_Apply_Maternity_Leave_Functionality_byClass_SKIP2_row"
                class="testMethodStatusSKIP">
               <td width="100%" class="firstMethodCell">
                  <a onclick="toggleDetailsVisibility('in.v2solutions.hybrid.testcases.VWR_02_Verify_Apply_Maternity_Leave_Functionality_verify_Apply_Maternity_Leave_Functionality_byClass_SKIP2_details')">verify_Apply_Maternity_Leave_Functionality({RunMode=Y})</a>
               </td>
               <td nowrap="true">13:01:59</td>
               <td nowrap="true" align="right">0 ms
                  
               </td>
               <td nowrap="true">
                  <a onclick="toggleDetailsVisibility('in.v2solutions.hybrid.testcases.VWR_02_Verify_Apply_Maternity_Leave_Functionality_verify_Apply_Maternity_Leave_Functionality_byClass_SKIP2_exception')">org.testng.SkipException: 
                     Skipping the test as runmode is NO
                     
                  </a>
                   
                  
               </td>
            </tr>
            <tr>
               <td colspan="4" class="detailsBox">
                  <div id="in.v2solutions.hybrid.testcases.VWR_02_Verify_Apply_Maternity_Leave_Functionality_verify_Apply_Maternity_Leave_Functionality_byClass_SKIP2_details"
                       class="testMethodDetails">
                     <div>
                        <b>Name: </b>verify_Apply_Maternity_Leave_Functionality
                     </div>
                     <div>
                        <b>Signature: </b>verify_Apply_Maternity_Leave_Functionality(java.util.Hashtable)[pri:0, instance:in.v2solutions.hybrid.testcases.VWR_02_Verify_Apply_Maternity_Leave_Functionality@2d3379b4]
                     </div>
                     <div>
                        <b>Parameters: </b>
                        
                        {RunMode=Y}
                        
                        
                     </div>
                     <div>
                        <b>Start time: </b>13:01:59
                     </div>
                     <div>
                        <b>End time: </b>13:01:59
                     </div>
                     <div>
                        <b>Duration: </b>0 ms
                        
                     </div>
                  </div>
               </td>
            </tr>
            <tr>
               <td colspan="4" class="detailsBox">
                  <div id="in.v2solutions.hybrid.testcases.VWR_02_Verify_Apply_Maternity_Leave_Functionality_verify_Apply_Maternity_Leave_Functionality_byClass_SKIP2_exception"
                       class="testMethodDetails">
                     <pre style="padding: 5px; margin: 0;">org.testng.SkipException: Skipping the test as runmode is NO
                        	at in.v2solutions.hybrid.testcases.VWR_02_Verify_Apply_Maternity_Leave_Functionality.verify_Apply_Maternity_Leave_Functionality(VWR_02_Verify_Apply_Maternity_Leave_Functionality.java:46)
                        	at sun.reflect.NativeMethodAccessorImpl.invoke0(Native Method)
                        	at sun.reflect.NativeMethodAccessorImpl.invoke(NativeMethodAccessorImpl.java:62)
                        	at sun.reflect.DelegatingMethodAccessorImpl.invoke(DelegatingMethodAccessorImpl.java:43)
                        	at java.lang.reflect.Method.invoke(Method.java:498)
                        	at org.testng.internal.MethodInvocationHelper.invokeMethod(MethodInvocationHelper.java:108)
                        	at org.testng.internal.Invoker.invokeMethod(Invoker.java:661)
                        	at org.testng.internal.Invoker.invokeTestMethod(Invoker.java:869)
                        	at org.testng.internal.Invoker.invokeTestMethods(Invoker.java:1193)
                        	at org.testng.internal.TestMethodWorker.invokeTestMethods(TestMethodWorker.java:126)
                        	at org.testng.internal.TestMethodWorker.run(TestMethodWorker.java:109)
                        	at org.testng.TestRunner.privateRun(TestRunner.java:744)
                        	at org.testng.TestRunner.run(TestRunner.java:602)
                        	at org.testng.SuiteRunner.runTest(SuiteRunner.java:380)
                        	at org.testng.SuiteRunner.runSequentially(SuiteRunner.java:375)
                        	at org.testng.SuiteRunner.privateRun(SuiteRunner.java:340)
                        	at org.testng.SuiteRunner.run(SuiteRunner.java:289)
                        	at org.testng.SuiteRunnerWorker.runSuite(SuiteRunnerWorker.java:52)
                        	at org.testng.SuiteRunnerWorker.run(SuiteRunnerWorker.java:86)
                        	at org.testng.TestNG.runSuitesSequentially(TestNG.java:1301)
                        	at org.testng.TestNG.runSuitesLocally(TestNG.java:1226)
                        	at org.testng.TestNG.runSuites(TestNG.java:1144)
                        	at org.testng.TestNG.run(TestNG.java:1115)
                        	at org.testng.TestNG.privateMain(TestNG.java:1442)
                        	at org.testng.TestNG.main(TestNG.java:1411)
                     </pre>
                  </div>
               </td>
            </tr>
            <tr id="in.v2solutions.hybrid.testcases.VWR_02_Verify_Apply_Maternity_Leave_Functionality_afterTest_byClass_PASS3_row"
                class="testMethodStatusPASS testMethodStatusCONF">
               <td width="100%" class="firstMethodCell">
                  <a onclick="toggleDetailsVisibility('in.v2solutions.hybrid.testcases.VWR_02_Verify_Apply_Maternity_Leave_Functionality_afterTest_byClass_PASS3_details')">afterTest()</a>
               </td>
               <td nowrap="true">13:01:59</td>
               <td nowrap="true" align="right">1 ms
                  
               </td>
               <td nowrap="true">
                   
                  
               </td>
            </tr>
            <tr>
               <td colspan="4" class="detailsBox">
                  <div id="in.v2solutions.hybrid.testcases.VWR_02_Verify_Apply_Maternity_Leave_Functionality_afterTest_byClass_PASS3_details"
                       class="testMethodDetails">
                     <div>
                        <b>Name: </b>afterTest
                     </div>
                     <div>
                        <b>Signature: </b>afterTest()[pri:0, instance:in.v2solutions.hybrid.testcases.VWR_02_Verify_Apply_Maternity_Leave_Functionality@2d3379b4]
                     </div>
                     <div>
                        <b>Start time: </b>13:01:59
                     </div>
                     <div>
                        <b>End time: </b>13:01:59
                     </div>
                     <div>
                        <b>Duration: </b>1 ms
                        
                     </div>
                  </div>
               </td>
            </tr>
            <tr></tr>
         </table>
         <br></br>
         <table class="testMethodsTable" cellpadding="0" cellspacing="0">
            <tr>
               <td colspan="4">
                  <h3 style="display: inline;">in.v2solutions.hybrid.testcases.VWR_03_Verify_Update_Edit_Delete_Leave_Functionality</h3>
               </td>
            </tr>
            <tr class="methodsTableHeader">
               <td width="100%">Name</td>
               <td nowrap="true">Started</td>
               <td nowrap="true">Duration</td>
               <td>Exception</td>
            </tr>
            <tr id="in.v2solutions.hybrid.testcases.VWR_03_Verify_Update_Edit_Delete_Leave_Functionality_beforeTest_byClass_PASS1_row"
                class="testMethodStatusPASS testMethodStatusCONF">
               <td width="100%" class="firstMethodCell">
                  <a onclick="toggleDetailsVisibility('in.v2solutions.hybrid.testcases.VWR_03_Verify_Update_Edit_Delete_Leave_Functionality_beforeTest_byClass_PASS1_details')">beforeTest(V2 Refresh_QA_Build_1.8--VWR_TestCases_P1)</a>
               </td>
               <td nowrap="true">13:01:59</td>
               <td nowrap="true" align="right">0 ms
                  
               </td>
               <td nowrap="true">
                   
                  
               </td>
            </tr>
            <tr>
               <td colspan="4" class="detailsBox">
                  <div id="in.v2solutions.hybrid.testcases.VWR_03_Verify_Update_Edit_Delete_Leave_Functionality_beforeTest_byClass_PASS1_details"
                       class="testMethodDetails">
                     <div>
                        <b>Name: </b>beforeTest
                     </div>
                     <div>
                        <b>Signature: </b>beforeTest(java.lang.String)[pri:0, instance:in.v2solutions.hybrid.testcases.VWR_03_Verify_Update_Edit_Delete_Leave_Functionality@2b71e916]
                     </div>
                     <div>
                        <b>Parameters: </b>
                        
                        V2 Refresh_QA_Build_1.8--VWR_TestCases_P1
                        
                        
                     </div>
                     <div>
                        <b>Start time: </b>13:01:59
                     </div>
                     <div>
                        <b>End time: </b>13:01:59
                     </div>
                     <div>
                        <b>Duration: </b>0 ms
                        
                     </div>
                  </div>
               </td>
            </tr>
            <tr></tr>
            <tr id="in.v2solutions.hybrid.testcases.VWR_03_Verify_Update_Edit_Delete_Leave_Functionality_verify_Update_Edit_Delete_Leave_Functionality_byClass_SKIP2_row"
                class="testMethodStatusSKIP">
               <td width="100%" class="firstMethodCell">
                  <a onclick="toggleDetailsVisibility('in.v2solutions.hybrid.testcases.VWR_03_Verify_Update_Edit_Delete_Leave_Functionality_verify_Update_Edit_Delete_Leave_Functionality_byClass_SKIP2_details')">verify_Update_Edit_Delete_Leave_Functionality({RunMode=Y})</a>
               </td>
               <td nowrap="true">13:01:59</td>
               <td nowrap="true" align="right">0 ms
                  
               </td>
               <td nowrap="true">
                  <a onclick="toggleDetailsVisibility('in.v2solutions.hybrid.testcases.VWR_03_Verify_Update_Edit_Delete_Leave_Functionality_verify_Update_Edit_Delete_Leave_Functionality_byClass_SKIP2_exception')">org.testng.SkipException: 
                     Skipping the test as runmode is NO
                     
                  </a>
                   
                  
               </td>
            </tr>
            <tr>
               <td colspan="4" class="detailsBox">
                  <div id="in.v2solutions.hybrid.testcases.VWR_03_Verify_Update_Edit_Delete_Leave_Functionality_verify_Update_Edit_Delete_Leave_Functionality_byClass_SKIP2_details"
                       class="testMethodDetails">
                     <div>
                        <b>Name: </b>verify_Update_Edit_Delete_Leave_Functionality
                     </div>
                     <div>
                        <b>Signature: </b>verify_Update_Edit_Delete_Leave_Functionality(java.util.Hashtable)[pri:0, instance:in.v2solutions.hybrid.testcases.VWR_03_Verify_Update_Edit_Delete_Leave_Functionality@2b71e916]
                     </div>
                     <div>
                        <b>Parameters: </b>
                        
                        {RunMode=Y}
                        
                        
                     </div>
                     <div>
                        <b>Start time: </b>13:01:59
                     </div>
                     <div>
                        <b>End time: </b>13:01:59
                     </div>
                     <div>
                        <b>Duration: </b>0 ms
                        
                     </div>
                  </div>
               </td>
            </tr>
            <tr>
               <td colspan="4" class="detailsBox">
                  <div id="in.v2solutions.hybrid.testcases.VWR_03_Verify_Update_Edit_Delete_Leave_Functionality_verify_Update_Edit_Delete_Leave_Functionality_byClass_SKIP2_exception"
                       class="testMethodDetails">
                     <pre style="padding: 5px; margin: 0;">org.testng.SkipException: Skipping the test as runmode is NO
                        	at in.v2solutions.hybrid.testcases.VWR_03_Verify_Update_Edit_Delete_Leave_Functionality.verify_Update_Edit_Delete_Leave_Functionality(VWR_03_Verify_Update_Edit_Delete_Leave_Functionality.java:46)
                        	at sun.reflect.NativeMethodAccessorImpl.invoke0(Native Method)
                        	at sun.reflect.NativeMethodAccessorImpl.invoke(NativeMethodAccessorImpl.java:62)
                        	at sun.reflect.DelegatingMethodAccessorImpl.invoke(DelegatingMethodAccessorImpl.java:43)
                        	at java.lang.reflect.Method.invoke(Method.java:498)
                        	at org.testng.internal.MethodInvocationHelper.invokeMethod(MethodInvocationHelper.java:108)
                        	at org.testng.internal.Invoker.invokeMethod(Invoker.java:661)
                        	at org.testng.internal.Invoker.invokeTestMethod(Invoker.java:869)
                        	at org.testng.internal.Invoker.invokeTestMethods(Invoker.java:1193)
                        	at org.testng.internal.TestMethodWorker.invokeTestMethods(TestMethodWorker.java:126)
                        	at org.testng.internal.TestMethodWorker.run(TestMethodWorker.java:109)
                        	at org.testng.TestRunner.privateRun(TestRunner.java:744)
                        	at org.testng.TestRunner.run(TestRunner.java:602)
                        	at org.testng.SuiteRunner.runTest(SuiteRunner.java:380)
                        	at org.testng.SuiteRunner.runSequentially(SuiteRunner.java:375)
                        	at org.testng.SuiteRunner.privateRun(SuiteRunner.java:340)
                        	at org.testng.SuiteRunner.run(SuiteRunner.java:289)
                        	at org.testng.SuiteRunnerWorker.runSuite(SuiteRunnerWorker.java:52)
                        	at org.testng.SuiteRunnerWorker.run(SuiteRunnerWorker.java:86)
                        	at org.testng.TestNG.runSuitesSequentially(TestNG.java:1301)
                        	at org.testng.TestNG.runSuitesLocally(TestNG.java:1226)
                        	at org.testng.TestNG.runSuites(TestNG.java:1144)
                        	at org.testng.TestNG.run(TestNG.java:1115)
                        	at org.testng.TestNG.privateMain(TestNG.java:1442)
                        	at org.testng.TestNG.main(TestNG.java:1411)
                     </pre>
                  </div>
               </td>
            </tr>
            <tr id="in.v2solutions.hybrid.testcases.VWR_03_Verify_Update_Edit_Delete_Leave_Functionality_afterTest_byClass_PASS3_row"
                class="testMethodStatusPASS testMethodStatusCONF">
               <td width="100%" class="firstMethodCell">
                  <a onclick="toggleDetailsVisibility('in.v2solutions.hybrid.testcases.VWR_03_Verify_Update_Edit_Delete_Leave_Functionality_afterTest_byClass_PASS3_details')">afterTest()</a>
               </td>
               <td nowrap="true">13:01:59</td>
               <td nowrap="true" align="right">2 ms
                  
               </td>
               <td nowrap="true">
                   
                  
               </td>
            </tr>
            <tr>
               <td colspan="4" class="detailsBox">
                  <div id="in.v2solutions.hybrid.testcases.VWR_03_Verify_Update_Edit_Delete_Leave_Functionality_afterTest_byClass_PASS3_details"
                       class="testMethodDetails">
                     <div>
                        <b>Name: </b>afterTest
                     </div>
                     <div>
                        <b>Signature: </b>afterTest()[pri:0, instance:in.v2solutions.hybrid.testcases.VWR_03_Verify_Update_Edit_Delete_Leave_Functionality@2b71e916]
                     </div>
                     <div>
                        <b>Start time: </b>13:01:59
                     </div>
                     <div>
                        <b>End time: </b>13:01:59
                     </div>
                     <div>
                        <b>Duration: </b>2 ms
                        
                     </div>
                  </div>
               </td>
            </tr>
            <tr></tr>
         </table>
         <br></br>
         <table class="testMethodsTable" cellpadding="0" cellspacing="0">
            <tr>
               <td colspan="4">
                  <h3 style="display: inline;">in.v2solutions.hybrid.testcases.VWR_04_Verify_Male_Emp_Should_not_see_Maternity_Leave_In_Dropdown</h3>
               </td>
            </tr>
            <tr class="methodsTableHeader">
               <td width="100%">Name</td>
               <td nowrap="true">Started</td>
               <td nowrap="true">Duration</td>
               <td>Exception</td>
            </tr>
            <tr id="in.v2solutions.hybrid.testcases.VWR_04_Verify_Male_Emp_Should_not_see_Maternity_Leave_In_Dropdown_beforeTest_byClass_PASS1_row"
                class="testMethodStatusPASS testMethodStatusCONF">
               <td width="100%" class="firstMethodCell">
                  <a onclick="toggleDetailsVisibility('in.v2solutions.hybrid.testcases.VWR_04_Verify_Male_Emp_Should_not_see_Maternity_Leave_In_Dropdown_beforeTest_byClass_PASS1_details')">beforeTest(V2 Refresh_QA_Build_1.8--VWR_TestCases_P1)</a>
               </td>
               <td nowrap="true">13:01:59</td>
               <td nowrap="true" align="right">0 ms
                  
               </td>
               <td nowrap="true">
                   
                  
               </td>
            </tr>
            <tr>
               <td colspan="4" class="detailsBox">
                  <div id="in.v2solutions.hybrid.testcases.VWR_04_Verify_Male_Emp_Should_not_see_Maternity_Leave_In_Dropdown_beforeTest_byClass_PASS1_details"
                       class="testMethodDetails">
                     <div>
                        <b>Name: </b>beforeTest
                     </div>
                     <div>
                        <b>Signature: </b>beforeTest(java.lang.String)[pri:0, instance:in.v2solutions.hybrid.testcases.VWR_04_Verify_Male_Emp_Should_not_see_Maternity_Leave_In_Dropdown@175c2241]
                     </div>
                     <div>
                        <b>Parameters: </b>
                        
                        V2 Refresh_QA_Build_1.8--VWR_TestCases_P1
                        
                        
                     </div>
                     <div>
                        <b>Start time: </b>13:01:59
                     </div>
                     <div>
                        <b>End time: </b>13:01:59
                     </div>
                     <div>
                        <b>Duration: </b>0 ms
                        
                     </div>
                  </div>
               </td>
            </tr>
            <tr></tr>
            <tr id="in.v2solutions.hybrid.testcases.VWR_04_Verify_Male_Emp_Should_not_see_Maternity_Leave_In_Dropdown_verify_Male_Emp_Should_not_see_Maternity_Leave_In_Dropdown_byClass_SKIP2_row"
                class="testMethodStatusSKIP">
               <td width="100%" class="firstMethodCell">
                  <a onclick="toggleDetailsVisibility('in.v2solutions.hybrid.testcases.VWR_04_Verify_Male_Emp_Should_not_see_Maternity_Leave_In_Dropdown_verify_Male_Emp_Should_not_see_Maternity_Leave_In_Dropdown_byClass_SKIP2_details')">verify_Male_Emp_Should_not_see_Maternity_Leave_In_Dropdown({RunMode=Y})</a>
               </td>
               <td nowrap="true">13:01:59</td>
               <td nowrap="true" align="right">1 ms
                  
               </td>
               <td nowrap="true">
                  <a onclick="toggleDetailsVisibility('in.v2solutions.hybrid.testcases.VWR_04_Verify_Male_Emp_Should_not_see_Maternity_Leave_In_Dropdown_verify_Male_Emp_Should_not_see_Maternity_Leave_In_Dropdown_byClass_SKIP2_exception')">org.testng.SkipException: 
                     Skipping the test as runmode is NO
                     
                  </a>
                   
                  
               </td>
            </tr>
            <tr>
               <td colspan="4" class="detailsBox">
                  <div id="in.v2solutions.hybrid.testcases.VWR_04_Verify_Male_Emp_Should_not_see_Maternity_Leave_In_Dropdown_verify_Male_Emp_Should_not_see_Maternity_Leave_In_Dropdown_byClass_SKIP2_details"
                       class="testMethodDetails">
                     <div>
                        <b>Name: </b>verify_Male_Emp_Should_not_see_Maternity_Leave_In_Dropdown
                     </div>
                     <div>
                        <b>Signature: </b>verify_Male_Emp_Should_not_see_Maternity_Leave_In_Dropdown(java.util.Hashtable)[pri:0, instance:in.v2solutions.hybrid.testcases.VWR_04_Verify_Male_Emp_Should_not_see_Maternity_Leave_In_Dropdown@175c2241]
                     </div>
                     <div>
                        <b>Parameters: </b>
                        
                        {RunMode=Y}
                        
                        
                     </div>
                     <div>
                        <b>Start time: </b>13:01:59
                     </div>
                     <div>
                        <b>End time: </b>13:01:59
                     </div>
                     <div>
                        <b>Duration: </b>1 ms
                        
                     </div>
                  </div>
               </td>
            </tr>
            <tr>
               <td colspan="4" class="detailsBox">
                  <div id="in.v2solutions.hybrid.testcases.VWR_04_Verify_Male_Emp_Should_not_see_Maternity_Leave_In_Dropdown_verify_Male_Emp_Should_not_see_Maternity_Leave_In_Dropdown_byClass_SKIP2_exception"
                       class="testMethodDetails">
                     <pre style="padding: 5px; margin: 0;">org.testng.SkipException: Skipping the test as runmode is NO
                        	at in.v2solutions.hybrid.testcases.VWR_04_Verify_Male_Emp_Should_not_see_Maternity_Leave_In_Dropdown.verify_Male_Emp_Should_not_see_Maternity_Leave_In_Dropdown(VWR_04_Verify_Male_Emp_Should_not_see_Maternity_Leave_In_Dropdown.java:46)
                        	at sun.reflect.NativeMethodAccessorImpl.invoke0(Native Method)
                        	at sun.reflect.NativeMethodAccessorImpl.invoke(NativeMethodAccessorImpl.java:62)
                        	at sun.reflect.DelegatingMethodAccessorImpl.invoke(DelegatingMethodAccessorImpl.java:43)
                        	at java.lang.reflect.Method.invoke(Method.java:498)
                        	at org.testng.internal.MethodInvocationHelper.invokeMethod(MethodInvocationHelper.java:108)
                        	at org.testng.internal.Invoker.invokeMethod(Invoker.java:661)
                        	at org.testng.internal.Invoker.invokeTestMethod(Invoker.java:869)
                        	at org.testng.internal.Invoker.invokeTestMethods(Invoker.java:1193)
                        	at org.testng.internal.TestMethodWorker.invokeTestMethods(TestMethodWorker.java:126)
                        	at org.testng.internal.TestMethodWorker.run(TestMethodWorker.java:109)
                        	at org.testng.TestRunner.privateRun(TestRunner.java:744)
                        	at org.testng.TestRunner.run(TestRunner.java:602)
                        	at org.testng.SuiteRunner.runTest(SuiteRunner.java:380)
                        	at org.testng.SuiteRunner.runSequentially(SuiteRunner.java:375)
                        	at org.testng.SuiteRunner.privateRun(SuiteRunner.java:340)
                        	at org.testng.SuiteRunner.run(SuiteRunner.java:289)
                        	at org.testng.SuiteRunnerWorker.runSuite(SuiteRunnerWorker.java:52)
                        	at org.testng.SuiteRunnerWorker.run(SuiteRunnerWorker.java:86)
                        	at org.testng.TestNG.runSuitesSequentially(TestNG.java:1301)
                        	at org.testng.TestNG.runSuitesLocally(TestNG.java:1226)
                        	at org.testng.TestNG.runSuites(TestNG.java:1144)
                        	at org.testng.TestNG.run(TestNG.java:1115)
                        	at org.testng.TestNG.privateMain(TestNG.java:1442)
                        	at org.testng.TestNG.main(TestNG.java:1411)
                     </pre>
                  </div>
               </td>
            </tr>
            <tr id="in.v2solutions.hybrid.testcases.VWR_04_Verify_Male_Emp_Should_not_see_Maternity_Leave_In_Dropdown_afterTest_byClass_PASS3_row"
                class="testMethodStatusPASS testMethodStatusCONF">
               <td width="100%" class="firstMethodCell">
                  <a onclick="toggleDetailsVisibility('in.v2solutions.hybrid.testcases.VWR_04_Verify_Male_Emp_Should_not_see_Maternity_Leave_In_Dropdown_afterTest_byClass_PASS3_details')">afterTest()</a>
               </td>
               <td nowrap="true">13:01:59</td>
               <td nowrap="true" align="right">0 ms
                  
               </td>
               <td nowrap="true">
                   
                  
               </td>
            </tr>
            <tr>
               <td colspan="4" class="detailsBox">
                  <div id="in.v2solutions.hybrid.testcases.VWR_04_Verify_Male_Emp_Should_not_see_Maternity_Leave_In_Dropdown_afterTest_byClass_PASS3_details"
                       class="testMethodDetails">
                     <div>
                        <b>Name: </b>afterTest
                     </div>
                     <div>
                        <b>Signature: </b>afterTest()[pri:0, instance:in.v2solutions.hybrid.testcases.VWR_04_Verify_Male_Emp_Should_not_see_Maternity_Leave_In_Dropdown@175c2241]
                     </div>
                     <div>
                        <b>Start time: </b>13:01:59
                     </div>
                     <div>
                        <b>End time: </b>13:01:59
                     </div>
                     <div>
                        <b>Duration: </b>0 ms
                        
                     </div>
                  </div>
               </td>
            </tr>
            <tr></tr>
         </table>
         <br></br>
         <table class="testMethodsTable" cellpadding="0" cellspacing="0">
            <tr>
               <td colspan="4">
                  <h3 style="display: inline;">in.v2solutions.hybrid.testcases.VWR_05_Verify_Helpdesk_Functionality</h3>
               </td>
            </tr>
            <tr class="methodsTableHeader">
               <td width="100%">Name</td>
               <td nowrap="true">Started</td>
               <td nowrap="true">Duration</td>
               <td>Exception</td>
            </tr>
            <tr id="in.v2solutions.hybrid.testcases.VWR_05_Verify_Helpdesk_Functionality_beforeTest_byClass_PASS1_row"
                class="testMethodStatusPASS testMethodStatusCONF">
               <td width="100%" class="firstMethodCell">
                  <a onclick="toggleDetailsVisibility('in.v2solutions.hybrid.testcases.VWR_05_Verify_Helpdesk_Functionality_beforeTest_byClass_PASS1_details')">beforeTest(V2 Refresh_QA_Build_1.8--VWR_TestCases_P1)</a>
               </td>
               <td nowrap="true">13:01:59</td>
               <td nowrap="true" align="right">1 ms
                  
               </td>
               <td nowrap="true">
                   
                  
               </td>
            </tr>
            <tr>
               <td colspan="4" class="detailsBox">
                  <div id="in.v2solutions.hybrid.testcases.VWR_05_Verify_Helpdesk_Functionality_beforeTest_byClass_PASS1_details"
                       class="testMethodDetails">
                     <div>
                        <b>Name: </b>beforeTest
                     </div>
                     <div>
                        <b>Signature: </b>beforeTest(java.lang.String)[pri:0, instance:in.v2solutions.hybrid.testcases.VWR_05_Verify_Helpdesk_Functionality@557caf28]
                     </div>
                     <div>
                        <b>Parameters: </b>
                        
                        V2 Refresh_QA_Build_1.8--VWR_TestCases_P1
                        
                        
                     </div>
                     <div>
                        <b>Start time: </b>13:01:59
                     </div>
                     <div>
                        <b>End time: </b>13:01:59
                     </div>
                     <div>
                        <b>Duration: </b>1 ms
                        
                     </div>
                  </div>
               </td>
            </tr>
            <tr></tr>
            <tr id="in.v2solutions.hybrid.testcases.VWR_05_Verify_Helpdesk_Functionality_verify_Helpdesk_Functionality_byClass_SKIP2_row"
                class="testMethodStatusSKIP">
               <td width="100%" class="firstMethodCell">
                  <a onclick="toggleDetailsVisibility('in.v2solutions.hybrid.testcases.VWR_05_Verify_Helpdesk_Functionality_verify_Helpdesk_Functionality_byClass_SKIP2_details')">verify_Helpdesk_Functionality({RunMode=Y})</a>
               </td>
               <td nowrap="true">13:01:59</td>
               <td nowrap="true" align="right">1 ms
                  
               </td>
               <td nowrap="true">
                  <a onclick="toggleDetailsVisibility('in.v2solutions.hybrid.testcases.VWR_05_Verify_Helpdesk_Functionality_verify_Helpdesk_Functionality_byClass_SKIP2_exception')">org.testng.SkipException: 
                     Skipping the test as runmode is NO
                     
                  </a>
                   
                  
               </td>
            </tr>
            <tr>
               <td colspan="4" class="detailsBox">
                  <div id="in.v2solutions.hybrid.testcases.VWR_05_Verify_Helpdesk_Functionality_verify_Helpdesk_Functionality_byClass_SKIP2_details"
                       class="testMethodDetails">
                     <div>
                        <b>Name: </b>verify_Helpdesk_Functionality
                     </div>
                     <div>
                        <b>Signature: </b>verify_Helpdesk_Functionality(java.util.Hashtable)[pri:0, instance:in.v2solutions.hybrid.testcases.VWR_05_Verify_Helpdesk_Functionality@557caf28]
                     </div>
                     <div>
                        <b>Parameters: </b>
                        
                        {RunMode=Y}
                        
                        
                     </div>
                     <div>
                        <b>Start time: </b>13:01:59
                     </div>
                     <div>
                        <b>End time: </b>13:01:59
                     </div>
                     <div>
                        <b>Duration: </b>1 ms
                        
                     </div>
                  </div>
               </td>
            </tr>
            <tr>
               <td colspan="4" class="detailsBox">
                  <div id="in.v2solutions.hybrid.testcases.VWR_05_Verify_Helpdesk_Functionality_verify_Helpdesk_Functionality_byClass_SKIP2_exception"
                       class="testMethodDetails">
                     <pre style="padding: 5px; margin: 0;">org.testng.SkipException: Skipping the test as runmode is NO
                        	at in.v2solutions.hybrid.testcases.VWR_05_Verify_Helpdesk_Functionality.verify_Helpdesk_Functionality(VWR_05_Verify_Helpdesk_Functionality.java:46)
                        	at sun.reflect.NativeMethodAccessorImpl.invoke0(Native Method)
                        	at sun.reflect.NativeMethodAccessorImpl.invoke(NativeMethodAccessorImpl.java:62)
                        	at sun.reflect.DelegatingMethodAccessorImpl.invoke(DelegatingMethodAccessorImpl.java:43)
                        	at java.lang.reflect.Method.invoke(Method.java:498)
                        	at org.testng.internal.MethodInvocationHelper.invokeMethod(MethodInvocationHelper.java:108)
                        	at org.testng.internal.Invoker.invokeMethod(Invoker.java:661)
                        	at org.testng.internal.Invoker.invokeTestMethod(Invoker.java:869)
                        	at org.testng.internal.Invoker.invokeTestMethods(Invoker.java:1193)
                        	at org.testng.internal.TestMethodWorker.invokeTestMethods(TestMethodWorker.java:126)
                        	at org.testng.internal.TestMethodWorker.run(TestMethodWorker.java:109)
                        	at org.testng.TestRunner.privateRun(TestRunner.java:744)
                        	at org.testng.TestRunner.run(TestRunner.java:602)
                        	at org.testng.SuiteRunner.runTest(SuiteRunner.java:380)
                        	at org.testng.SuiteRunner.runSequentially(SuiteRunner.java:375)
                        	at org.testng.SuiteRunner.privateRun(SuiteRunner.java:340)
                        	at org.testng.SuiteRunner.run(SuiteRunner.java:289)
                        	at org.testng.SuiteRunnerWorker.runSuite(SuiteRunnerWorker.java:52)
                        	at org.testng.SuiteRunnerWorker.run(SuiteRunnerWorker.java:86)
                        	at org.testng.TestNG.runSuitesSequentially(TestNG.java:1301)
                        	at org.testng.TestNG.runSuitesLocally(TestNG.java:1226)
                        	at org.testng.TestNG.runSuites(TestNG.java:1144)
                        	at org.testng.TestNG.run(TestNG.java:1115)
                        	at org.testng.TestNG.privateMain(TestNG.java:1442)
                        	at org.testng.TestNG.main(TestNG.java:1411)
                     </pre>
                  </div>
               </td>
            </tr>
            <tr id="in.v2solutions.hybrid.testcases.VWR_05_Verify_Helpdesk_Functionality_afterTest_byClass_PASS3_row"
                class="testMethodStatusPASS testMethodStatusCONF">
               <td width="100%" class="firstMethodCell">
                  <a onclick="toggleDetailsVisibility('in.v2solutions.hybrid.testcases.VWR_05_Verify_Helpdesk_Functionality_afterTest_byClass_PASS3_details')">afterTest()</a>
               </td>
               <td nowrap="true">13:01:59</td>
               <td nowrap="true" align="right">0 ms
                  
               </td>
               <td nowrap="true">
                   
                  
               </td>
            </tr>
            <tr>
               <td colspan="4" class="detailsBox">
                  <div id="in.v2solutions.hybrid.testcases.VWR_05_Verify_Helpdesk_Functionality_afterTest_byClass_PASS3_details"
                       class="testMethodDetails">
                     <div>
                        <b>Name: </b>afterTest
                     </div>
                     <div>
                        <b>Signature: </b>afterTest()[pri:0, instance:in.v2solutions.hybrid.testcases.VWR_05_Verify_Helpdesk_Functionality@557caf28]
                     </div>
                     <div>
                        <b>Start time: </b>13:01:59
                     </div>
                     <div>
                        <b>End time: </b>13:01:59
                     </div>
                     <div>
                        <b>Duration: </b>0 ms
                        
                     </div>
                  </div>
               </td>
            </tr>
            <tr></tr>
         </table>
         <br></br>
         <table class="testMethodsTable" cellpadding="0" cellspacing="0">
            <tr>
               <td colspan="4">
                  <h3 style="display: inline;">in.v2solutions.hybrid.testcases.VWR_06_Verify_Employees_Personal_Information</h3>
               </td>
            </tr>
            <tr class="methodsTableHeader">
               <td width="100%">Name</td>
               <td nowrap="true">Started</td>
               <td nowrap="true">Duration</td>
               <td>Exception</td>
            </tr>
            <tr id="in.v2solutions.hybrid.testcases.VWR_06_Verify_Employees_Personal_Information_beforeTest_byClass_PASS1_row"
                class="testMethodStatusPASS testMethodStatusCONF">
               <td width="100%" class="firstMethodCell">
                  <a onclick="toggleDetailsVisibility('in.v2solutions.hybrid.testcases.VWR_06_Verify_Employees_Personal_Information_beforeTest_byClass_PASS1_details')">beforeTest(V2 Refresh_QA_Build_1.8--VWR_TestCases_P1)</a>
               </td>
               <td nowrap="true">13:01:59</td>
               <td nowrap="true" align="right">1 ms
                  
               </td>
               <td nowrap="true">
                   
                  
               </td>
            </tr>
            <tr>
               <td colspan="4" class="detailsBox">
                  <div id="in.v2solutions.hybrid.testcases.VWR_06_Verify_Employees_Personal_Information_beforeTest_byClass_PASS1_details"
                       class="testMethodDetails">
                     <div>
                        <b>Name: </b>beforeTest
                     </div>
                     <div>
                        <b>Signature: </b>beforeTest(java.lang.String)[pri:0, instance:in.v2solutions.hybrid.testcases.VWR_06_Verify_Employees_Personal_Information@22555ebf]
                     </div>
                     <div>
                        <b>Parameters: </b>
                        
                        V2 Refresh_QA_Build_1.8--VWR_TestCases_P1
                        
                        
                     </div>
                     <div>
                        <b>Start time: </b>13:01:59
                     </div>
                     <div>
                        <b>End time: </b>13:01:59
                     </div>
                     <div>
                        <b>Duration: </b>1 ms
                        
                     </div>
                  </div>
               </td>
            </tr>
            <tr></tr>
            <tr id="in.v2solutions.hybrid.testcases.VWR_06_Verify_Employees_Personal_Information_verify_Employees_Personal_Information_byClass_SKIP2_row"
                class="testMethodStatusSKIP">
               <td width="100%" class="firstMethodCell">
                  <a onclick="toggleDetailsVisibility('in.v2solutions.hybrid.testcases.VWR_06_Verify_Employees_Personal_Information_verify_Employees_Personal_Information_byClass_SKIP2_details')">verify_Employees_Personal_Information({RunMode=Y})</a>
               </td>
               <td nowrap="true">13:01:59</td>
               <td nowrap="true" align="right">0 ms
                  
               </td>
               <td nowrap="true">
                  <a onclick="toggleDetailsVisibility('in.v2solutions.hybrid.testcases.VWR_06_Verify_Employees_Personal_Information_verify_Employees_Personal_Information_byClass_SKIP2_exception')">org.testng.SkipException: 
                     Skipping the test as runmode is NO
                     
                  </a>
                   
                  
               </td>
            </tr>
            <tr>
               <td colspan="4" class="detailsBox">
                  <div id="in.v2solutions.hybrid.testcases.VWR_06_Verify_Employees_Personal_Information_verify_Employees_Personal_Information_byClass_SKIP2_details"
                       class="testMethodDetails">
                     <div>
                        <b>Name: </b>verify_Employees_Personal_Information
                     </div>
                     <div>
                        <b>Signature: </b>verify_Employees_Personal_Information(java.util.Hashtable)[pri:0, instance:in.v2solutions.hybrid.testcases.VWR_06_Verify_Employees_Personal_Information@22555ebf]
                     </div>
                     <div>
                        <b>Parameters: </b>
                        
                        {RunMode=Y}
                        
                        
                     </div>
                     <div>
                        <b>Start time: </b>13:01:59
                     </div>
                     <div>
                        <b>End time: </b>13:01:59
                     </div>
                     <div>
                        <b>Duration: </b>0 ms
                        
                     </div>
                  </div>
               </td>
            </tr>
            <tr>
               <td colspan="4" class="detailsBox">
                  <div id="in.v2solutions.hybrid.testcases.VWR_06_Verify_Employees_Personal_Information_verify_Employees_Personal_Information_byClass_SKIP2_exception"
                       class="testMethodDetails">
                     <pre style="padding: 5px; margin: 0;">org.testng.SkipException: Skipping the test as runmode is NO
                        	at in.v2solutions.hybrid.testcases.VWR_06_Verify_Employees_Personal_Information.verify_Employees_Personal_Information(VWR_06_Verify_Employees_Personal_Information.java:46)
                        	at sun.reflect.NativeMethodAccessorImpl.invoke0(Native Method)
                        	at sun.reflect.NativeMethodAccessorImpl.invoke(NativeMethodAccessorImpl.java:62)
                        	at sun.reflect.DelegatingMethodAccessorImpl.invoke(DelegatingMethodAccessorImpl.java:43)
                        	at java.lang.reflect.Method.invoke(Method.java:498)
                        	at org.testng.internal.MethodInvocationHelper.invokeMethod(MethodInvocationHelper.java:108)
                        	at org.testng.internal.Invoker.invokeMethod(Invoker.java:661)
                        	at org.testng.internal.Invoker.invokeTestMethod(Invoker.java:869)
                        	at org.testng.internal.Invoker.invokeTestMethods(Invoker.java:1193)
                        	at org.testng.internal.TestMethodWorker.invokeTestMethods(TestMethodWorker.java:126)
                        	at org.testng.internal.TestMethodWorker.run(TestMethodWorker.java:109)
                        	at org.testng.TestRunner.privateRun(TestRunner.java:744)
                        	at org.testng.TestRunner.run(TestRunner.java:602)
                        	at org.testng.SuiteRunner.runTest(SuiteRunner.java:380)
                        	at org.testng.SuiteRunner.runSequentially(SuiteRunner.java:375)
                        	at org.testng.SuiteRunner.privateRun(SuiteRunner.java:340)
                        	at org.testng.SuiteRunner.run(SuiteRunner.java:289)
                        	at org.testng.SuiteRunnerWorker.runSuite(SuiteRunnerWorker.java:52)
                        	at org.testng.SuiteRunnerWorker.run(SuiteRunnerWorker.java:86)
                        	at org.testng.TestNG.runSuitesSequentially(TestNG.java:1301)
                        	at org.testng.TestNG.runSuitesLocally(TestNG.java:1226)
                        	at org.testng.TestNG.runSuites(TestNG.java:1144)
                        	at org.testng.TestNG.run(TestNG.java:1115)
                        	at org.testng.TestNG.privateMain(TestNG.java:1442)
                        	at org.testng.TestNG.main(TestNG.java:1411)
                     </pre>
                  </div>
               </td>
            </tr>
            <tr id="in.v2solutions.hybrid.testcases.VWR_06_Verify_Employees_Personal_Information_afterTest_byClass_PASS3_row"
                class="testMethodStatusPASS testMethodStatusCONF">
               <td width="100%" class="firstMethodCell">
                  <a onclick="toggleDetailsVisibility('in.v2solutions.hybrid.testcases.VWR_06_Verify_Employees_Personal_Information_afterTest_byClass_PASS3_details')">afterTest()</a>
               </td>
               <td nowrap="true">13:01:59</td>
               <td nowrap="true" align="right">1 ms
                  
               </td>
               <td nowrap="true">
                   
                  
               </td>
            </tr>
            <tr>
               <td colspan="4" class="detailsBox">
                  <div id="in.v2solutions.hybrid.testcases.VWR_06_Verify_Employees_Personal_Information_afterTest_byClass_PASS3_details"
                       class="testMethodDetails">
                     <div>
                        <b>Name: </b>afterTest
                     </div>
                     <div>
                        <b>Signature: </b>afterTest()[pri:0, instance:in.v2solutions.hybrid.testcases.VWR_06_Verify_Employees_Personal_Information@22555ebf]
                     </div>
                     <div>
                        <b>Start time: </b>13:01:59
                     </div>
                     <div>
                        <b>End time: </b>13:01:59
                     </div>
                     <div>
                        <b>Duration: </b>1 ms
                        
                     </div>
                  </div>
               </td>
            </tr>
            <tr></tr>
         </table>
         <br></br>
         <table class="testMethodsTable" cellpadding="0" cellspacing="0">
            <tr>
               <td colspan="4">
                  <h3 style="display: inline;">in.v2solutions.hybrid.testcases.VWR_07_Verify_Employees_Professional_Information</h3>
               </td>
            </tr>
            <tr class="methodsTableHeader">
               <td width="100%">Name</td>
               <td nowrap="true">Started</td>
               <td nowrap="true">Duration</td>
               <td>Exception</td>
            </tr>
            <tr id="in.v2solutions.hybrid.testcases.VWR_07_Verify_Employees_Professional_Information_beforeTest_byClass_PASS1_row"
                class="testMethodStatusPASS testMethodStatusCONF">
               <td width="100%" class="firstMethodCell">
                  <a onclick="toggleDetailsVisibility('in.v2solutions.hybrid.testcases.VWR_07_Verify_Employees_Professional_Information_beforeTest_byClass_PASS1_details')">beforeTest(V2 Refresh_QA_Build_1.8--VWR_TestCases_P1)</a>
               </td>
               <td nowrap="true">13:01:59</td>
               <td nowrap="true" align="right">0 ms
                  
               </td>
               <td nowrap="true">
                   
                  
               </td>
            </tr>
            <tr>
               <td colspan="4" class="detailsBox">
                  <div id="in.v2solutions.hybrid.testcases.VWR_07_Verify_Employees_Professional_Information_beforeTest_byClass_PASS1_details"
                       class="testMethodDetails">
                     <div>
                        <b>Name: </b>beforeTest
                     </div>
                     <div>
                        <b>Signature: </b>beforeTest(java.lang.String)[pri:0, instance:in.v2solutions.hybrid.testcases.VWR_07_Verify_Employees_Professional_Information@43bc63a3]
                     </div>
                     <div>
                        <b>Parameters: </b>
                        
                        V2 Refresh_QA_Build_1.8--VWR_TestCases_P1
                        
                        
                     </div>
                     <div>
                        <b>Start time: </b>13:01:59
                     </div>
                     <div>
                        <b>End time: </b>13:01:59
                     </div>
                     <div>
                        <b>Duration: </b>0 ms
                        
                     </div>
                  </div>
               </td>
            </tr>
            <tr></tr>
            <tr id="in.v2solutions.hybrid.testcases.VWR_07_Verify_Employees_Professional_Information_verify_Employees_Professional_Information_byClass_SKIP2_row"
                class="testMethodStatusSKIP">
               <td width="100%" class="firstMethodCell">
                  <a onclick="toggleDetailsVisibility('in.v2solutions.hybrid.testcases.VWR_07_Verify_Employees_Professional_Information_verify_Employees_Professional_Information_byClass_SKIP2_details')">verify_Employees_Professional_Information({RunMode=Y})</a>
               </td>
               <td nowrap="true">13:01:59</td>
               <td nowrap="true" align="right">0 ms
                  
               </td>
               <td nowrap="true">
                  <a onclick="toggleDetailsVisibility('in.v2solutions.hybrid.testcases.VWR_07_Verify_Employees_Professional_Information_verify_Employees_Professional_Information_byClass_SKIP2_exception')">org.testng.SkipException: 
                     Skipping the test as runmode is NO
                     
                  </a>
                   
                  
               </td>
            </tr>
            <tr>
               <td colspan="4" class="detailsBox">
                  <div id="in.v2solutions.hybrid.testcases.VWR_07_Verify_Employees_Professional_Information_verify_Employees_Professional_Information_byClass_SKIP2_details"
                       class="testMethodDetails">
                     <div>
                        <b>Name: </b>verify_Employees_Professional_Information
                     </div>
                     <div>
                        <b>Signature: </b>verify_Employees_Professional_Information(java.util.Hashtable)[pri:0, instance:in.v2solutions.hybrid.testcases.VWR_07_Verify_Employees_Professional_Information@43bc63a3]
                     </div>
                     <div>
                        <b>Parameters: </b>
                        
                        {RunMode=Y}
                        
                        
                     </div>
                     <div>
                        <b>Start time: </b>13:01:59
                     </div>
                     <div>
                        <b>End time: </b>13:01:59
                     </div>
                     <div>
                        <b>Duration: </b>0 ms
                        
                     </div>
                  </div>
               </td>
            </tr>
            <tr>
               <td colspan="4" class="detailsBox">
                  <div id="in.v2solutions.hybrid.testcases.VWR_07_Verify_Employees_Professional_Information_verify_Employees_Professional_Information_byClass_SKIP2_exception"
                       class="testMethodDetails">
                     <pre style="padding: 5px; margin: 0;">org.testng.SkipException: Skipping the test as runmode is NO
                        	at in.v2solutions.hybrid.testcases.VWR_07_Verify_Employees_Professional_Information.verify_Employees_Professional_Information(VWR_07_Verify_Employees_Professional_Information.java:46)
                        	at sun.reflect.NativeMethodAccessorImpl.invoke0(Native Method)
                        	at sun.reflect.NativeMethodAccessorImpl.invoke(NativeMethodAccessorImpl.java:62)
                        	at sun.reflect.DelegatingMethodAccessorImpl.invoke(DelegatingMethodAccessorImpl.java:43)
                        	at java.lang.reflect.Method.invoke(Method.java:498)
                        	at org.testng.internal.MethodInvocationHelper.invokeMethod(MethodInvocationHelper.java:108)
                        	at org.testng.internal.Invoker.invokeMethod(Invoker.java:661)
                        	at org.testng.internal.Invoker.invokeTestMethod(Invoker.java:869)
                        	at org.testng.internal.Invoker.invokeTestMethods(Invoker.java:1193)
                        	at org.testng.internal.TestMethodWorker.invokeTestMethods(TestMethodWorker.java:126)
                        	at org.testng.internal.TestMethodWorker.run(TestMethodWorker.java:109)
                        	at org.testng.TestRunner.privateRun(TestRunner.java:744)
                        	at org.testng.TestRunner.run(TestRunner.java:602)
                        	at org.testng.SuiteRunner.runTest(SuiteRunner.java:380)
                        	at org.testng.SuiteRunner.runSequentially(SuiteRunner.java:375)
                        	at org.testng.SuiteRunner.privateRun(SuiteRunner.java:340)
                        	at org.testng.SuiteRunner.run(SuiteRunner.java:289)
                        	at org.testng.SuiteRunnerWorker.runSuite(SuiteRunnerWorker.java:52)
                        	at org.testng.SuiteRunnerWorker.run(SuiteRunnerWorker.java:86)
                        	at org.testng.TestNG.runSuitesSequentially(TestNG.java:1301)
                        	at org.testng.TestNG.runSuitesLocally(TestNG.java:1226)
                        	at org.testng.TestNG.runSuites(TestNG.java:1144)
                        	at org.testng.TestNG.run(TestNG.java:1115)
                        	at org.testng.TestNG.privateMain(TestNG.java:1442)
                        	at org.testng.TestNG.main(TestNG.java:1411)
                     </pre>
                  </div>
               </td>
            </tr>
            <tr id="in.v2solutions.hybrid.testcases.VWR_07_Verify_Employees_Professional_Information_afterTest_byClass_PASS3_row"
                class="testMethodStatusPASS testMethodStatusCONF">
               <td width="100%" class="firstMethodCell">
                  <a onclick="toggleDetailsVisibility('in.v2solutions.hybrid.testcases.VWR_07_Verify_Employees_Professional_Information_afterTest_byClass_PASS3_details')">afterTest()</a>
               </td>
               <td nowrap="true">13:01:59</td>
               <td nowrap="true" align="right">1 ms
                  
               </td>
               <td nowrap="true">
                   
                  
               </td>
            </tr>
            <tr>
               <td colspan="4" class="detailsBox">
                  <div id="in.v2solutions.hybrid.testcases.VWR_07_Verify_Employees_Professional_Information_afterTest_byClass_PASS3_details"
                       class="testMethodDetails">
                     <div>
                        <b>Name: </b>afterTest
                     </div>
                     <div>
                        <b>Signature: </b>afterTest()[pri:0, instance:in.v2solutions.hybrid.testcases.VWR_07_Verify_Employees_Professional_Information@43bc63a3]
                     </div>
                     <div>
                        <b>Start time: </b>13:01:59
                     </div>
                     <div>
                        <b>End time: </b>13:01:59
                     </div>
                     <div>
                        <b>Duration: </b>1 ms
                        
                     </div>
                  </div>
               </td>
            </tr>
            <tr></tr>
         </table>
         <br></br>
         <table class="testMethodsTable" cellpadding="0" cellspacing="0">
            <tr>
               <td colspan="4">
                  <h3 style="display: inline;">in.v2solutions.hybrid.testcases.VWR_08_Verify_Dashboard_Functionality</h3>
               </td>
            </tr>
            <tr class="methodsTableHeader">
               <td width="100%">Name</td>
               <td nowrap="true">Started</td>
               <td nowrap="true">Duration</td>
               <td>Exception</td>
            </tr>
            <tr id="in.v2solutions.hybrid.testcases.VWR_08_Verify_Dashboard_Functionality_beforeTest_byClass_PASS1_row"
                class="testMethodStatusPASS testMethodStatusCONF">
               <td width="100%" class="firstMethodCell">
                  <a onclick="toggleDetailsVisibility('in.v2solutions.hybrid.testcases.VWR_08_Verify_Dashboard_Functionality_beforeTest_byClass_PASS1_details')">beforeTest(V2 Refresh_QA_Build_1.8--VWR_TestCases_P1)</a>
               </td>
               <td nowrap="true">13:01:59</td>
               <td nowrap="true" align="right">0 ms
                  
               </td>
               <td nowrap="true">
                   
                  
               </td>
            </tr>
            <tr>
               <td colspan="4" class="detailsBox">
                  <div id="in.v2solutions.hybrid.testcases.VWR_08_Verify_Dashboard_Functionality_beforeTest_byClass_PASS1_details"
                       class="testMethodDetails">
                     <div>
                        <b>Name: </b>beforeTest
                     </div>
                     <div>
                        <b>Signature: </b>beforeTest(java.lang.String)[pri:0, instance:in.v2solutions.hybrid.testcases.VWR_08_Verify_Dashboard_Functionality@7586beff]
                     </div>
                     <div>
                        <b>Parameters: </b>
                        
                        V2 Refresh_QA_Build_1.8--VWR_TestCases_P1
                        
                        
                     </div>
                     <div>
                        <b>Start time: </b>13:01:59
                     </div>
                     <div>
                        <b>End time: </b>13:01:59
                     </div>
                     <div>
                        <b>Duration: </b>0 ms
                        
                     </div>
                  </div>
               </td>
            </tr>
            <tr></tr>
            <tr id="in.v2solutions.hybrid.testcases.VWR_08_Verify_Dashboard_Functionality_verify_Dashboard_Functionality_byClass_SKIP2_row"
                class="testMethodStatusSKIP">
               <td width="100%" class="firstMethodCell">
                  <a onclick="toggleDetailsVisibility('in.v2solutions.hybrid.testcases.VWR_08_Verify_Dashboard_Functionality_verify_Dashboard_Functionality_byClass_SKIP2_details')">verify_Dashboard_Functionality({RunMode=Y})</a>
               </td>
               <td nowrap="true">13:01:59</td>
               <td nowrap="true" align="right">0 ms
                  
               </td>
               <td nowrap="true">
                  <a onclick="toggleDetailsVisibility('in.v2solutions.hybrid.testcases.VWR_08_Verify_Dashboard_Functionality_verify_Dashboard_Functionality_byClass_SKIP2_exception')">org.testng.SkipException: 
                     Skipping the test as runmode is NO
                     
                  </a>
                   
                  
               </td>
            </tr>
            <tr>
               <td colspan="4" class="detailsBox">
                  <div id="in.v2solutions.hybrid.testcases.VWR_08_Verify_Dashboard_Functionality_verify_Dashboard_Functionality_byClass_SKIP2_details"
                       class="testMethodDetails">
                     <div>
                        <b>Name: </b>verify_Dashboard_Functionality
                     </div>
                     <div>
                        <b>Signature: </b>verify_Dashboard_Functionality(java.util.Hashtable)[pri:0, instance:in.v2solutions.hybrid.testcases.VWR_08_Verify_Dashboard_Functionality@7586beff]
                     </div>
                     <div>
                        <b>Parameters: </b>
                        
                        {RunMode=Y}
                        
                        
                     </div>
                     <div>
                        <b>Start time: </b>13:01:59
                     </div>
                     <div>
                        <b>End time: </b>13:01:59
                     </div>
                     <div>
                        <b>Duration: </b>0 ms
                        
                     </div>
                  </div>
               </td>
            </tr>
            <tr>
               <td colspan="4" class="detailsBox">
                  <div id="in.v2solutions.hybrid.testcases.VWR_08_Verify_Dashboard_Functionality_verify_Dashboard_Functionality_byClass_SKIP2_exception"
                       class="testMethodDetails">
                     <pre style="padding: 5px; margin: 0;">org.testng.SkipException: Skipping the test as runmode is NO
                        	at in.v2solutions.hybrid.testcases.VWR_08_Verify_Dashboard_Functionality.verify_Dashboard_Functionality(VWR_08_Verify_Dashboard_Functionality.java:46)
                        	at sun.reflect.NativeMethodAccessorImpl.invoke0(Native Method)
                        	at sun.reflect.NativeMethodAccessorImpl.invoke(NativeMethodAccessorImpl.java:62)
                        	at sun.reflect.DelegatingMethodAccessorImpl.invoke(DelegatingMethodAccessorImpl.java:43)
                        	at java.lang.reflect.Method.invoke(Method.java:498)
                        	at org.testng.internal.MethodInvocationHelper.invokeMethod(MethodInvocationHelper.java:108)
                        	at org.testng.internal.Invoker.invokeMethod(Invoker.java:661)
                        	at org.testng.internal.Invoker.invokeTestMethod(Invoker.java:869)
                        	at org.testng.internal.Invoker.invokeTestMethods(Invoker.java:1193)
                        	at org.testng.internal.TestMethodWorker.invokeTestMethods(TestMethodWorker.java:126)
                        	at org.testng.internal.TestMethodWorker.run(TestMethodWorker.java:109)
                        	at org.testng.TestRunner.privateRun(TestRunner.java:744)
                        	at org.testng.TestRunner.run(TestRunner.java:602)
                        	at org.testng.SuiteRunner.runTest(SuiteRunner.java:380)
                        	at org.testng.SuiteRunner.runSequentially(SuiteRunner.java:375)
                        	at org.testng.SuiteRunner.privateRun(SuiteRunner.java:340)
                        	at org.testng.SuiteRunner.run(SuiteRunner.java:289)
                        	at org.testng.SuiteRunnerWorker.runSuite(SuiteRunnerWorker.java:52)
                        	at org.testng.SuiteRunnerWorker.run(SuiteRunnerWorker.java:86)
                        	at org.testng.TestNG.runSuitesSequentially(TestNG.java:1301)
                        	at org.testng.TestNG.runSuitesLocally(TestNG.java:1226)
                        	at org.testng.TestNG.runSuites(TestNG.java:1144)
                        	at org.testng.TestNG.run(TestNG.java:1115)
                        	at org.testng.TestNG.privateMain(TestNG.java:1442)
                        	at org.testng.TestNG.main(TestNG.java:1411)
                     </pre>
                  </div>
               </td>
            </tr>
            <tr id="in.v2solutions.hybrid.testcases.VWR_08_Verify_Dashboard_Functionality_afterTest_byClass_PASS3_row"
                class="testMethodStatusPASS testMethodStatusCONF">
               <td width="100%" class="firstMethodCell">
                  <a onclick="toggleDetailsVisibility('in.v2solutions.hybrid.testcases.VWR_08_Verify_Dashboard_Functionality_afterTest_byClass_PASS3_details')">afterTest()</a>
               </td>
               <td nowrap="true">13:01:59</td>
               <td nowrap="true" align="right">1 ms
                  
               </td>
               <td nowrap="true">
                   
                  
               </td>
            </tr>
            <tr>
               <td colspan="4" class="detailsBox">
                  <div id="in.v2solutions.hybrid.testcases.VWR_08_Verify_Dashboard_Functionality_afterTest_byClass_PASS3_details"
                       class="testMethodDetails">
                     <div>
                        <b>Name: </b>afterTest
                     </div>
                     <div>
                        <b>Signature: </b>afterTest()[pri:0, instance:in.v2solutions.hybrid.testcases.VWR_08_Verify_Dashboard_Functionality@7586beff]
                     </div>
                     <div>
                        <b>Start time: </b>13:01:59
                     </div>
                     <div>
                        <b>End time: </b>13:01:59
                     </div>
                     <div>
                        <b>Duration: </b>1 ms
                        
                     </div>
                  </div>
               </td>
            </tr>
            <tr></tr>
         </table>
         <br></br>
         <table class="testMethodsTable" cellpadding="0" cellspacing="0">
            <tr>
               <td colspan="4">
                  <h3 style="display: inline;">in.v2solutions.hybrid.testcases.VWR_09_Verify_Expense_Reimbursement_Functionality</h3>
               </td>
            </tr>
            <tr class="methodsTableHeader">
               <td width="100%">Name</td>
               <td nowrap="true">Started</td>
               <td nowrap="true">Duration</td>
               <td>Exception</td>
            </tr>
            <tr id="in.v2solutions.hybrid.testcases.VWR_09_Verify_Expense_Reimbursement_Functionality_beforeTest_byClass_PASS1_row"
                class="testMethodStatusPASS testMethodStatusCONF">
               <td width="100%" class="firstMethodCell">
                  <a onclick="toggleDetailsVisibility('in.v2solutions.hybrid.testcases.VWR_09_Verify_Expense_Reimbursement_Functionality_beforeTest_byClass_PASS1_details')">beforeTest(V2 Refresh_QA_Build_1.8--VWR_TestCases_P1)</a>
               </td>
               <td nowrap="true">13:01:59</td>
               <td nowrap="true" align="right">1 ms
                  
               </td>
               <td nowrap="true">
                   
                  
               </td>
            </tr>
            <tr>
               <td colspan="4" class="detailsBox">
                  <div id="in.v2solutions.hybrid.testcases.VWR_09_Verify_Expense_Reimbursement_Functionality_beforeTest_byClass_PASS1_details"
                       class="testMethodDetails">
                     <div>
                        <b>Name: </b>beforeTest
                     </div>
                     <div>
                        <b>Signature: </b>beforeTest(java.lang.String)[pri:0, instance:in.v2solutions.hybrid.testcases.VWR_09_Verify_Expense_Reimbursement_Functionality@7e6f74c]
                     </div>
                     <div>
                        <b>Parameters: </b>
                        
                        V2 Refresh_QA_Build_1.8--VWR_TestCases_P1
                        
                        
                     </div>
                     <div>
                        <b>Start time: </b>13:01:59
                     </div>
                     <div>
                        <b>End time: </b>13:01:59
                     </div>
                     <div>
                        <b>Duration: </b>1 ms
                        
                     </div>
                  </div>
               </td>
            </tr>
            <tr></tr>
            <tr id="in.v2solutions.hybrid.testcases.VWR_09_Verify_Expense_Reimbursement_Functionality_verify_Expense_Reimbursement_Functionality_byClass_SKIP2_row"
                class="testMethodStatusSKIP">
               <td width="100%" class="firstMethodCell">
                  <a onclick="toggleDetailsVisibility('in.v2solutions.hybrid.testcases.VWR_09_Verify_Expense_Reimbursement_Functionality_verify_Expense_Reimbursement_Functionality_byClass_SKIP2_details')">verify_Expense_Reimbursement_Functionality({RunMode=Y})</a>
               </td>
               <td nowrap="true">13:01:59</td>
               <td nowrap="true" align="right">1 ms
                  
               </td>
               <td nowrap="true">
                  <a onclick="toggleDetailsVisibility('in.v2solutions.hybrid.testcases.VWR_09_Verify_Expense_Reimbursement_Functionality_verify_Expense_Reimbursement_Functionality_byClass_SKIP2_exception')">org.testng.SkipException: 
                     Skipping the test as runmode is NO
                     
                  </a>
                   
                  
               </td>
            </tr>
            <tr>
               <td colspan="4" class="detailsBox">
                  <div id="in.v2solutions.hybrid.testcases.VWR_09_Verify_Expense_Reimbursement_Functionality_verify_Expense_Reimbursement_Functionality_byClass_SKIP2_details"
                       class="testMethodDetails">
                     <div>
                        <b>Name: </b>verify_Expense_Reimbursement_Functionality
                     </div>
                     <div>
                        <b>Signature: </b>verify_Expense_Reimbursement_Functionality(java.util.Hashtable)[pri:0, instance:in.v2solutions.hybrid.testcases.VWR_09_Verify_Expense_Reimbursement_Functionality@7e6f74c]
                     </div>
                     <div>
                        <b>Parameters: </b>
                        
                        {RunMode=Y}
                        
                        
                     </div>
                     <div>
                        <b>Start time: </b>13:01:59
                     </div>
                     <div>
                        <b>End time: </b>13:01:59
                     </div>
                     <div>
                        <b>Duration: </b>1 ms
                        
                     </div>
                  </div>
               </td>
            </tr>
            <tr>
               <td colspan="4" class="detailsBox">
                  <div id="in.v2solutions.hybrid.testcases.VWR_09_Verify_Expense_Reimbursement_Functionality_verify_Expense_Reimbursement_Functionality_byClass_SKIP2_exception"
                       class="testMethodDetails">
                     <pre style="padding: 5px; margin: 0;">org.testng.SkipException: Skipping the test as runmode is NO
                        	at in.v2solutions.hybrid.testcases.VWR_09_Verify_Expense_Reimbursement_Functionality.verify_Expense_Reimbursement_Functionality(VWR_09_Verify_Expense_Reimbursement_Functionality.java:46)
                        	at sun.reflect.NativeMethodAccessorImpl.invoke0(Native Method)
                        	at sun.reflect.NativeMethodAccessorImpl.invoke(NativeMethodAccessorImpl.java:62)
                        	at sun.reflect.DelegatingMethodAccessorImpl.invoke(DelegatingMethodAccessorImpl.java:43)
                        	at java.lang.reflect.Method.invoke(Method.java:498)
                        	at org.testng.internal.MethodInvocationHelper.invokeMethod(MethodInvocationHelper.java:108)
                        	at org.testng.internal.Invoker.invokeMethod(Invoker.java:661)
                        	at org.testng.internal.Invoker.invokeTestMethod(Invoker.java:869)
                        	at org.testng.internal.Invoker.invokeTestMethods(Invoker.java:1193)
                        	at org.testng.internal.TestMethodWorker.invokeTestMethods(TestMethodWorker.java:126)
                        	at org.testng.internal.TestMethodWorker.run(TestMethodWorker.java:109)
                        	at org.testng.TestRunner.privateRun(TestRunner.java:744)
                        	at org.testng.TestRunner.run(TestRunner.java:602)
                        	at org.testng.SuiteRunner.runTest(SuiteRunner.java:380)
                        	at org.testng.SuiteRunner.runSequentially(SuiteRunner.java:375)
                        	at org.testng.SuiteRunner.privateRun(SuiteRunner.java:340)
                        	at org.testng.SuiteRunner.run(SuiteRunner.java:289)
                        	at org.testng.SuiteRunnerWorker.runSuite(SuiteRunnerWorker.java:52)
                        	at org.testng.SuiteRunnerWorker.run(SuiteRunnerWorker.java:86)
                        	at org.testng.TestNG.runSuitesSequentially(TestNG.java:1301)
                        	at org.testng.TestNG.runSuitesLocally(TestNG.java:1226)
                        	at org.testng.TestNG.runSuites(TestNG.java:1144)
                        	at org.testng.TestNG.run(TestNG.java:1115)
                        	at org.testng.TestNG.privateMain(TestNG.java:1442)
                        	at org.testng.TestNG.main(TestNG.java:1411)
                     </pre>
                  </div>
               </td>
            </tr>
            <tr id="in.v2solutions.hybrid.testcases.VWR_09_Verify_Expense_Reimbursement_Functionality_afterTest_byClass_PASS3_row"
                class="testMethodStatusPASS testMethodStatusCONF">
               <td width="100%" class="firstMethodCell">
                  <a onclick="toggleDetailsVisibility('in.v2solutions.hybrid.testcases.VWR_09_Verify_Expense_Reimbursement_Functionality_afterTest_byClass_PASS3_details')">afterTest()</a>
               </td>
               <td nowrap="true">13:01:59</td>
               <td nowrap="true" align="right">0 ms
                  
               </td>
               <td nowrap="true">
                   
                  
               </td>
            </tr>
            <tr>
               <td colspan="4" class="detailsBox">
                  <div id="in.v2solutions.hybrid.testcases.VWR_09_Verify_Expense_Reimbursement_Functionality_afterTest_byClass_PASS3_details"
                       class="testMethodDetails">
                     <div>
                        <b>Name: </b>afterTest
                     </div>
                     <div>
                        <b>Signature: </b>afterTest()[pri:0, instance:in.v2solutions.hybrid.testcases.VWR_09_Verify_Expense_Reimbursement_Functionality@7e6f74c]
                     </div>
                     <div>
                        <b>Start time: </b>13:01:59
                     </div>
                     <div>
                        <b>End time: </b>13:01:59
                     </div>
                     <div>
                        <b>Duration: </b>0 ms
                        
                     </div>
                  </div>
               </td>
            </tr>
            <tr></tr>
         </table>
         <br></br>
         <table class="testMethodsTable" cellpadding="0" cellspacing="0">
            <tr>
               <td colspan="4">
                  <h3 style="display: inline;">in.v2solutions.hybrid.testcases.VWR_10_Verify_Reports_Functionality</h3>
               </td>
            </tr>
            <tr class="methodsTableHeader">
               <td width="100%">Name</td>
               <td nowrap="true">Started</td>
               <td nowrap="true">Duration</td>
               <td>Exception</td>
            </tr>
            <tr id="in.v2solutions.hybrid.testcases.VWR_10_Verify_Reports_Functionality_beforeTest_byClass_PASS1_row"
                class="testMethodStatusPASS testMethodStatusCONF">
               <td width="100%" class="firstMethodCell">
                  <a onclick="toggleDetailsVisibility('in.v2solutions.hybrid.testcases.VWR_10_Verify_Reports_Functionality_beforeTest_byClass_PASS1_details')">beforeTest(V2 Refresh_QA_Build_1.8--VWR_TestCases_P1)</a>
               </td>
               <td nowrap="true">13:01:59</td>
               <td nowrap="true" align="right">1 ms
                  
               </td>
               <td nowrap="true">
                   
                  
               </td>
            </tr>
            <tr>
               <td colspan="4" class="detailsBox">
                  <div id="in.v2solutions.hybrid.testcases.VWR_10_Verify_Reports_Functionality_beforeTest_byClass_PASS1_details"
                       class="testMethodDetails">
                     <div>
                        <b>Name: </b>beforeTest
                     </div>
                     <div>
                        <b>Signature: </b>beforeTest(java.lang.String)[pri:0, instance:in.v2solutions.hybrid.testcases.VWR_10_Verify_Reports_Functionality@5aa9e4eb]
                     </div>
                     <div>
                        <b>Parameters: </b>
                        
                        V2 Refresh_QA_Build_1.8--VWR_TestCases_P1
                        
                        
                     </div>
                     <div>
                        <b>Start time: </b>13:01:59
                     </div>
                     <div>
                        <b>End time: </b>13:01:59
                     </div>
                     <div>
                        <b>Duration: </b>1 ms
                        
                     </div>
                  </div>
               </td>
            </tr>
            <tr></tr>
            <tr id="in.v2solutions.hybrid.testcases.VWR_10_Verify_Reports_Functionality_afterTest_byClass_PASS2_row"
                class="testMethodStatusPASS testMethodStatusCONF">
               <td width="100%" class="firstMethodCell">
                  <a onclick="toggleDetailsVisibility('in.v2solutions.hybrid.testcases.VWR_10_Verify_Reports_Functionality_afterTest_byClass_PASS2_details')">afterTest()</a>
               </td>
               <td nowrap="true">13:01:59</td>
               <td nowrap="true" align="right">1 ms
                  
               </td>
               <td nowrap="true">
                   
                  
               </td>
            </tr>
            <tr>
               <td colspan="4" class="detailsBox">
                  <div id="in.v2solutions.hybrid.testcases.VWR_10_Verify_Reports_Functionality_afterTest_byClass_PASS2_details"
                       class="testMethodDetails">
                     <div>
                        <b>Name: </b>afterTest
                     </div>
                     <div>
                        <b>Signature: </b>afterTest()[pri:0, instance:in.v2solutions.hybrid.testcases.VWR_10_Verify_Reports_Functionality@5aa9e4eb]
                     </div>
                     <div>
                        <b>Start time: </b>13:01:59
                     </div>
                     <div>
                        <b>End time: </b>13:01:59
                     </div>
                     <div>
                        <b>Duration: </b>1 ms
                        
                     </div>
                  </div>
               </td>
            </tr>
            <tr></tr>
            <tr id="in.v2solutions.hybrid.testcases.VWR_10_Verify_Reports_Functionality_verify_Reports_Functionality_byClass_SKIP3_row"
                class="testMethodStatusSKIP">
               <td width="100%" class="firstMethodCell">
                  <a onclick="toggleDetailsVisibility('in.v2solutions.hybrid.testcases.VWR_10_Verify_Reports_Functionality_verify_Reports_Functionality_byClass_SKIP3_details')">verify_Reports_Functionality({RunMode=Y})</a>
               </td>
               <td nowrap="true">13:01:59</td>
               <td nowrap="true" align="right">0 ms
                  
               </td>
               <td nowrap="true">
                  <a onclick="toggleDetailsVisibility('in.v2solutions.hybrid.testcases.VWR_10_Verify_Reports_Functionality_verify_Reports_Functionality_byClass_SKIP3_exception')">org.testng.SkipException: 
                     Skipping the test as runmode is NO
                     
                  </a>
                   
                  
               </td>
            </tr>
            <tr>
               <td colspan="4" class="detailsBox">
                  <div id="in.v2solutions.hybrid.testcases.VWR_10_Verify_Reports_Functionality_verify_Reports_Functionality_byClass_SKIP3_details"
                       class="testMethodDetails">
                     <div>
                        <b>Name: </b>verify_Reports_Functionality
                     </div>
                     <div>
                        <b>Signature: </b>verify_Reports_Functionality(java.util.Hashtable)[pri:0, instance:in.v2solutions.hybrid.testcases.VWR_10_Verify_Reports_Functionality@5aa9e4eb]
                     </div>
                     <div>
                        <b>Parameters: </b>
                        
                        {RunMode=Y}
                        
                        
                     </div>
                     <div>
                        <b>Start time: </b>13:01:59
                     </div>
                     <div>
                        <b>End time: </b>13:01:59
                     </div>
                     <div>
                        <b>Duration: </b>0 ms
                        
                     </div>
                  </div>
               </td>
            </tr>
            <tr>
               <td colspan="4" class="detailsBox">
                  <div id="in.v2solutions.hybrid.testcases.VWR_10_Verify_Reports_Functionality_verify_Reports_Functionality_byClass_SKIP3_exception"
                       class="testMethodDetails">
                     <pre style="padding: 5px; margin: 0;">org.testng.SkipException: Skipping the test as runmode is NO
                        	at in.v2solutions.hybrid.testcases.VWR_10_Verify_Reports_Functionality.verify_Reports_Functionality(VWR_10_Verify_Reports_Functionality.java:46)
                        	at sun.reflect.NativeMethodAccessorImpl.invoke0(Native Method)
                        	at sun.reflect.NativeMethodAccessorImpl.invoke(NativeMethodAccessorImpl.java:62)
                        	at sun.reflect.DelegatingMethodAccessorImpl.invoke(DelegatingMethodAccessorImpl.java:43)
                        	at java.lang.reflect.Method.invoke(Method.java:498)
                        	at org.testng.internal.MethodInvocationHelper.invokeMethod(MethodInvocationHelper.java:108)
                        	at org.testng.internal.Invoker.invokeMethod(Invoker.java:661)
                        	at org.testng.internal.Invoker.invokeTestMethod(Invoker.java:869)
                        	at org.testng.internal.Invoker.invokeTestMethods(Invoker.java:1193)
                        	at org.testng.internal.TestMethodWorker.invokeTestMethods(TestMethodWorker.java:126)
                        	at org.testng.internal.TestMethodWorker.run(TestMethodWorker.java:109)
                        	at org.testng.TestRunner.privateRun(TestRunner.java:744)
                        	at org.testng.TestRunner.run(TestRunner.java:602)
                        	at org.testng.SuiteRunner.runTest(SuiteRunner.java:380)
                        	at org.testng.SuiteRunner.runSequentially(SuiteRunner.java:375)
                        	at org.testng.SuiteRunner.privateRun(SuiteRunner.java:340)
                        	at org.testng.SuiteRunner.run(SuiteRunner.java:289)
                        	at org.testng.SuiteRunnerWorker.runSuite(SuiteRunnerWorker.java:52)
                        	at org.testng.SuiteRunnerWorker.run(SuiteRunnerWorker.java:86)
                        	at org.testng.TestNG.runSuitesSequentially(TestNG.java:1301)
                        	at org.testng.TestNG.runSuitesLocally(TestNG.java:1226)
                        	at org.testng.TestNG.runSuites(TestNG.java:1144)
                        	at org.testng.TestNG.run(TestNG.java:1115)
                        	at org.testng.TestNG.privateMain(TestNG.java:1442)
                        	at org.testng.TestNG.main(TestNG.java:1411)
                     </pre>
                  </div>
               </td>
            </tr>
         </table>
         <br></br>
         <table class="testMethodsTable" cellpadding="0" cellspacing="0">
            <tr>
               <td colspan="4">
                  <h3 style="display: inline;">in.v2solutions.hybrid.testcases.VWR_11_Verify_HR_Maintenance_Functionality</h3>
               </td>
            </tr>
            <tr class="methodsTableHeader">
               <td width="100%">Name</td>
               <td nowrap="true">Started</td>
               <td nowrap="true">Duration</td>
               <td>Exception</td>
            </tr>
            <tr id="in.v2solutions.hybrid.testcases.VWR_11_Verify_HR_Maintenance_Functionality_beforeTest_byClass_PASS1_row"
                class="testMethodStatusPASS testMethodStatusCONF">
               <td width="100%" class="firstMethodCell">
                  <a onclick="toggleDetailsVisibility('in.v2solutions.hybrid.testcases.VWR_11_Verify_HR_Maintenance_Functionality_beforeTest_byClass_PASS1_details')">beforeTest(V2 Refresh_QA_Build_1.8--VWR_TestCases_P1)</a>
               </td>
               <td nowrap="true">13:01:59</td>
               <td nowrap="true" align="right">1 ms
                  
               </td>
               <td nowrap="true">
                   
                  
               </td>
            </tr>
            <tr>
               <td colspan="4" class="detailsBox">
                  <div id="in.v2solutions.hybrid.testcases.VWR_11_Verify_HR_Maintenance_Functionality_beforeTest_byClass_PASS1_details"
                       class="testMethodDetails">
                     <div>
                        <b>Name: </b>beforeTest
                     </div>
                     <div>
                        <b>Signature: </b>beforeTest(java.lang.String)[pri:0, instance:in.v2solutions.hybrid.testcases.VWR_11_Verify_HR_Maintenance_Functionality@229f66ed]
                     </div>
                     <div>
                        <b>Parameters: </b>
                        
                        V2 Refresh_QA_Build_1.8--VWR_TestCases_P1
                        
                        
                     </div>
                     <div>
                        <b>Start time: </b>13:01:59
                     </div>
                     <div>
                        <b>End time: </b>13:01:59
                     </div>
                     <div>
                        <b>Duration: </b>1 ms
                        
                     </div>
                  </div>
               </td>
            </tr>
            <tr></tr>
            <tr id="in.v2solutions.hybrid.testcases.VWR_11_Verify_HR_Maintenance_Functionality_afterTest_byClass_PASS2_row"
                class="testMethodStatusPASS testMethodStatusCONF">
               <td width="100%" class="firstMethodCell">
                  <a onclick="toggleDetailsVisibility('in.v2solutions.hybrid.testcases.VWR_11_Verify_HR_Maintenance_Functionality_afterTest_byClass_PASS2_details')">afterTest()</a>
               </td>
               <td nowrap="true">13:01:59</td>
               <td nowrap="true" align="right">1 ms
                  
               </td>
               <td nowrap="true">
                   
                  
               </td>
            </tr>
            <tr>
               <td colspan="4" class="detailsBox">
                  <div id="in.v2solutions.hybrid.testcases.VWR_11_Verify_HR_Maintenance_Functionality_afterTest_byClass_PASS2_details"
                       class="testMethodDetails">
                     <div>
                        <b>Name: </b>afterTest
                     </div>
                     <div>
                        <b>Signature: </b>afterTest()[pri:0, instance:in.v2solutions.hybrid.testcases.VWR_11_Verify_HR_Maintenance_Functionality@229f66ed]
                     </div>
                     <div>
                        <b>Start time: </b>13:01:59
                     </div>
                     <div>
                        <b>End time: </b>13:01:59
                     </div>
                     <div>
                        <b>Duration: </b>1 ms
                        
                     </div>
                  </div>
               </td>
            </tr>
            <tr></tr>
            <tr id="in.v2solutions.hybrid.testcases.VWR_11_Verify_HR_Maintenance_Functionality_verify_HR_Maintenance_Functionality_byClass_SKIP3_row"
                class="testMethodStatusSKIP">
               <td width="100%" class="firstMethodCell">
                  <a onclick="toggleDetailsVisibility('in.v2solutions.hybrid.testcases.VWR_11_Verify_HR_Maintenance_Functionality_verify_HR_Maintenance_Functionality_byClass_SKIP3_details')">verify_HR_Maintenance_Functionality({RunMode=Y})</a>
               </td>
               <td nowrap="true">13:01:59</td>
               <td nowrap="true" align="right">0 ms
                  
               </td>
               <td nowrap="true">
                  <a onclick="toggleDetailsVisibility('in.v2solutions.hybrid.testcases.VWR_11_Verify_HR_Maintenance_Functionality_verify_HR_Maintenance_Functionality_byClass_SKIP3_exception')">org.testng.SkipException: 
                     Skipping the test as runmode is NO
                     
                  </a>
                   
                  
               </td>
            </tr>
            <tr>
               <td colspan="4" class="detailsBox">
                  <div id="in.v2solutions.hybrid.testcases.VWR_11_Verify_HR_Maintenance_Functionality_verify_HR_Maintenance_Functionality_byClass_SKIP3_details"
                       class="testMethodDetails">
                     <div>
                        <b>Name: </b>verify_HR_Maintenance_Functionality
                     </div>
                     <div>
                        <b>Signature: </b>verify_HR_Maintenance_Functionality(java.util.Hashtable)[pri:0, instance:in.v2solutions.hybrid.testcases.VWR_11_Verify_HR_Maintenance_Functionality@229f66ed]
                     </div>
                     <div>
                        <b>Parameters: </b>
                        
                        {RunMode=Y}
                        
                        
                     </div>
                     <div>
                        <b>Start time: </b>13:01:59
                     </div>
                     <div>
                        <b>End time: </b>13:01:59
                     </div>
                     <div>
                        <b>Duration: </b>0 ms
                        
                     </div>
                  </div>
               </td>
            </tr>
            <tr>
               <td colspan="4" class="detailsBox">
                  <div id="in.v2solutions.hybrid.testcases.VWR_11_Verify_HR_Maintenance_Functionality_verify_HR_Maintenance_Functionality_byClass_SKIP3_exception"
                       class="testMethodDetails">
                     <pre style="padding: 5px; margin: 0;">org.testng.SkipException: Skipping the test as runmode is NO
                        	at in.v2solutions.hybrid.testcases.VWR_11_Verify_HR_Maintenance_Functionality.verify_HR_Maintenance_Functionality(VWR_11_Verify_HR_Maintenance_Functionality.java:46)
                        	at sun.reflect.NativeMethodAccessorImpl.invoke0(Native Method)
                        	at sun.reflect.NativeMethodAccessorImpl.invoke(NativeMethodAccessorImpl.java:62)
                        	at sun.reflect.DelegatingMethodAccessorImpl.invoke(DelegatingMethodAccessorImpl.java:43)
                        	at java.lang.reflect.Method.invoke(Method.java:498)
                        	at org.testng.internal.MethodInvocationHelper.invokeMethod(MethodInvocationHelper.java:108)
                        	at org.testng.internal.Invoker.invokeMethod(Invoker.java:661)
                        	at org.testng.internal.Invoker.invokeTestMethod(Invoker.java:869)
                        	at org.testng.internal.Invoker.invokeTestMethods(Invoker.java:1193)
                        	at org.testng.internal.TestMethodWorker.invokeTestMethods(TestMethodWorker.java:126)
                        	at org.testng.internal.TestMethodWorker.run(TestMethodWorker.java:109)
                        	at org.testng.TestRunner.privateRun(TestRunner.java:744)
                        	at org.testng.TestRunner.run(TestRunner.java:602)
                        	at org.testng.SuiteRunner.runTest(SuiteRunner.java:380)
                        	at org.testng.SuiteRunner.runSequentially(SuiteRunner.java:375)
                        	at org.testng.SuiteRunner.privateRun(SuiteRunner.java:340)
                        	at org.testng.SuiteRunner.run(SuiteRunner.java:289)
                        	at org.testng.SuiteRunnerWorker.runSuite(SuiteRunnerWorker.java:52)
                        	at org.testng.SuiteRunnerWorker.run(SuiteRunnerWorker.java:86)
                        	at org.testng.TestNG.runSuitesSequentially(TestNG.java:1301)
                        	at org.testng.TestNG.runSuitesLocally(TestNG.java:1226)
                        	at org.testng.TestNG.runSuites(TestNG.java:1144)
                        	at org.testng.TestNG.run(TestNG.java:1115)
                        	at org.testng.TestNG.privateMain(TestNG.java:1442)
                        	at org.testng.TestNG.main(TestNG.java:1411)
                     </pre>
                  </div>
               </td>
            </tr>
         </table>
         <br></br>
      </div>
      <div style="margin-top: 15px; color: gray; text-align: center; font-size: 9px;">
         Generated with
         
         <a href="http://code.google.com/p/testng-xslt/" style="color: #8888aa;"
            target="_blank">
            TestNG XSLT
            
         </a>
      </div>
   </body>
</html>