<?xml version="1.0" encoding="UTF-8"?>
<!-- Generated by org.testng.reporters.JUnitReportReporter -->
<testsuite skipped="0" hostname="v2mumpc0474" name="in.v2solutions.hybrid.testcases.LT_155_Verify_RejectAndUndoOffersViaSPS_DefaultUserLoanProfileValuesWithSecondMortgageAsYes" tests="1" failures="1" timestamp="09 Dec 2017 08:39:22 GMT" time="80.675" errors="0">
  <testcase name="verify_RejectAndUndoOffersViaSPS_DefaultUserLoanProfileValuesWithSecondMortgageAsYes" time="80.675" classname="in.v2solutions.hybrid.testcases.LT_155_Verify_RejectAndUndoOffersViaSPS_DefaultUserLoanProfileValuesWithSecondMortgageAsYes">
    <failure type="java.lang.AssertionError" message="FAIL - Not able to wait Till SPINNER Element disappears from the Page. Please see the screenshot for more details. , For Error Screenshot please refer to this link  : &lt;a href=&#039;LT_155--Failed_AT-WaitWhileElementPresent-SPINNER-0912_020920_PM(IST).png&#039;&gt;LT_155--Failed_AT-WaitWhileElementPresent-SPINNER-0912_020920_PM(IST).png&lt;/a&gt; &amp;&amp;  expected [true] but found [false]">
      <![CDATA[java.lang.AssertionError: FAIL - Not able to wait Till SPINNER Element disappears from the Page. Please see the screenshot for more details. , For Error Screenshot please refer to this link  : <a href='LT_155--Failed_AT-WaitWhileElementPresent-SPINNER-0912_020920_PM(IST).png'>LT_155--Failed_AT-WaitWhileElementPresent-SPINNER-0912_020920_PM(IST).png</a> &&  expected [true] but found [false]
	at org.testng.Assert.fail(Assert.java:93)
	at org.testng.Assert.failNotEquals(Assert.java:512)
	at org.testng.Assert.assertTrue(Assert.java:41)
	at in.v2solutions.hybrid.util.Keywords.executeKeywords(Keywords.java:663)
	at in.v2solutions.hybrid.testcases.LT_155_Verify_RejectAndUndoOffersViaSPS_DefaultUserLoanProfileValuesWithSecondMortgageAsYes.verify_RejectAndUndoOffersViaSPS_DefaultUserLoanProfileValuesWithSecondMortgageAsYes(LT_155_Verify_RejectAndUndoOffersViaSPS_DefaultUserLoanProfileValuesWithSecondMortgageAsYes.java:59)
	at sun.reflect.NativeMethodAccessorImpl.invoke0(Native Method)
	at sun.reflect.NativeMethodAccessorImpl.invoke(Unknown Source)
	at sun.reflect.DelegatingMethodAccessorImpl.invoke(Unknown Source)
	at java.lang.reflect.Method.invoke(Unknown Source)
	at org.testng.internal.MethodInvocationHelper.invokeMethod(MethodInvocationHelper.java:108)
	at org.testng.internal.Invoker.invokeMethod(Invoker.java:661)
	at org.testng.internal.Invoker.invokeTestMethod(Invoker.java:869)
	at org.testng.internal.Invoker.invokeTestMethods(Invoker.java:1193)
	at org.testng.internal.TestMethodWorker.invokeTestMethods(TestMethodWorker.java:126)
	at org.testng.internal.TestMethodWorker.run(TestMethodWorker.java:109)
	at org.testng.TestRunner.privateRun(TestRunner.java:744)
	at org.testng.TestRunner.run(TestRunner.java:602)
	at org.testng.SuiteRunner.runTest(SuiteRunner.java:380)
	at org.testng.SuiteRunner.runSequentially(SuiteRunner.java:375)
	at org.testng.SuiteRunner.privateRun(SuiteRunner.java:340)
	at org.testng.SuiteRunner.run(SuiteRunner.java:289)
	at org.testng.SuiteRunnerWorker.runSuite(SuiteRunnerWorker.java:52)
	at org.testng.SuiteRunnerWorker.run(SuiteRunnerWorker.java:86)
	at org.testng.TestNG.runSuitesSequentially(TestNG.java:1301)
	at org.testng.TestNG.runSuitesLocally(TestNG.java:1226)
	at org.testng.TestNG.runSuites(TestNG.java:1144)
	at org.testng.TestNG.run(TestNG.java:1115)
	at org.testng.remote.AbstractRemoteTestNG.run(AbstractRemoteTestNG.java:132)
	at org.testng.remote.RemoteTestNG.initAndRun(RemoteTestNG.java:230)
	at org.testng.remote.RemoteTestNG.main(RemoteTestNG.java:76)
]]>
    </failure>
  </testcase> <!-- verify_RejectAndUndoOffersViaSPS_DefaultUserLoanProfileValuesWithSecondMortgageAsYes -->
</testsuite> <!-- in.v2solutions.hybrid.testcases.LT_155_Verify_RejectAndUndoOffersViaSPS_DefaultUserLoanProfileValuesWithSecondMortgageAsYes -->
