<?xml version="1.0" encoding="UTF-8"?>
<!-- Generated by org.testng.reporters.JUnitReportReporter -->
<testsuite skipped="0" hostname="v2mumpc0474" name="in.v2solutions.hybrid.testcases.LT_146_Verify_OffersViaSCL_WithPropertyEditAndSecondMortgageAsNo" tests="1" failures="1" timestamp="13 Sep 2017 13:00:17 GMT" time="169.980" errors="0">
  <testcase name="verify_OffersViaSCL_WithPropertyEditAndSecondMortgageAsNo" time="169.980" classname="in.v2solutions.hybrid.testcases.LT_146_Verify_OffersViaSCL_WithPropertyEditAndSecondMortgageAsNo">
    <failure type="java.lang.AssertionError" message="FAIL - Not able to click on -- NEXT_BUTTONStale element reference (WARNING: The server did not provide any stacktrace information)
Command duration or timeout: 0 milliseconds
For documentation on this error, please visit: http://seleniumhq.org/exceptions/stale_element_reference.html
Build info: version: &#039;3.5.3&#039;, revision: &#039;a88d25fe6b&#039;, time: &#039;2017-08-29T12:54:15.039Z&#039;
System info: host: &#039;V2MUMPC0474&#039;, ip: &#039;192.168.50.25&#039;, os.name: &#039;Windows 10&#039;, os.arch: &#039;amd64&#039;, os.version: &#039;10.0&#039;, java.version: &#039;1.8.0_141&#039;
Driver info: org.openqa.selenium.edge.EdgeDriver
Capabilities [{applicationCacheEnabled=true, pageLoadStrategy=normal, platform=XP, acceptSslCerts=true, browserVersion=40.15063.0.0, platformVersion=10, locationContextEnabled=true, webStorageEnabled=true, browserName=MicrosoftEdge, takesScreenshot=true, takesElementScreenshot=true, javascriptEnabled=true, platformName=XP}]
Session ID: C5082957-D1FC-47CF-8665-29F2A48FB8DD , For Error Screenshot please refer to this link  : &lt;a href=&#039;LT_146--Failed_AT-Click-NEXT_BUTTON-1309_063014_PM(IST).png&#039;&gt;LT_146--Failed_AT-Click-NEXT_BUTTON-1309_063014_PM(IST).png&lt;/a&gt; &amp;&amp;  expected [true] but found [false]">
      <![CDATA[java.lang.AssertionError: FAIL - Not able to click on -- NEXT_BUTTONStale element reference (WARNING: The server did not provide any stacktrace information)
Command duration or timeout: 0 milliseconds
For documentation on this error, please visit: http://seleniumhq.org/exceptions/stale_element_reference.html
Build info: version: '3.5.3', revision: 'a88d25fe6b', time: '2017-08-29T12:54:15.039Z'
System info: host: 'V2MUMPC0474', ip: '192.168.50.25', os.name: 'Windows 10', os.arch: 'amd64', os.version: '10.0', java.version: '1.8.0_141'
Driver info: org.openqa.selenium.edge.EdgeDriver
Capabilities [{applicationCacheEnabled=true, pageLoadStrategy=normal, platform=XP, acceptSslCerts=true, browserVersion=40.15063.0.0, platformVersion=10, locationContextEnabled=true, webStorageEnabled=true, browserName=MicrosoftEdge, takesScreenshot=true, takesElementScreenshot=true, javascriptEnabled=true, platformName=XP}]
Session ID: C5082957-D1FC-47CF-8665-29F2A48FB8DD , For Error Screenshot please refer to this link  : <a href='LT_146--Failed_AT-Click-NEXT_BUTTON-1309_063014_PM(IST).png'>LT_146--Failed_AT-Click-NEXT_BUTTON-1309_063014_PM(IST).png</a> &&  expected [true] but found [false]
	at org.testng.Assert.fail(Assert.java:93)
	at org.testng.Assert.failNotEquals(Assert.java:512)
	at org.testng.Assert.assertTrue(Assert.java:41)
	at in.v2solutions.hybrid.util.Keywords.executeKeywords(Keywords.java:641)
	at in.v2solutions.hybrid.testcases.LT_146_Verify_OffersViaSCL_WithPropertyEditAndSecondMortgageAsNo.verify_OffersViaSCL_WithPropertyEditAndSecondMortgageAsNo(LT_146_Verify_OffersViaSCL_WithPropertyEditAndSecondMortgageAsNo.java:62)
	at sun.reflect.NativeMethodAccessorImpl.invoke0(Native Method)
	at sun.reflect.NativeMethodAccessorImpl.invoke(Unknown Source)
	at sun.reflect.DelegatingMethodAccessorImpl.invoke(Unknown Source)
	at java.lang.reflect.Method.invoke(Unknown Source)
	at org.testng.internal.MethodInvocationHelper.invokeMethod(MethodInvocationHelper.java:108)
	at org.testng.internal.Invoker.invokeMethod(Invoker.java:661)
	at org.testng.internal.Invoker.invokeTestMethod(Invoker.java:869)
	at org.testng.internal.Invoker.invokeTestMethods(Invoker.java:1193)
	at org.testng.internal.TestMethodWorker.invokeTestMethods(TestMethodWorker.java:126)
	at org.testng.internal.TestMethodWorker.run(TestMethodWorker.java:109)
	at org.testng.TestRunner.privateRun(TestRunner.java:744)
	at org.testng.TestRunner.run(TestRunner.java:602)
	at org.testng.SuiteRunner.runTest(SuiteRunner.java:380)
	at org.testng.SuiteRunner.runSequentially(SuiteRunner.java:375)
	at org.testng.SuiteRunner.privateRun(SuiteRunner.java:340)
	at org.testng.SuiteRunner.run(SuiteRunner.java:289)
	at org.testng.SuiteRunnerWorker.runSuite(SuiteRunnerWorker.java:52)
	at org.testng.SuiteRunnerWorker.run(SuiteRunnerWorker.java:86)
	at org.testng.TestNG.runSuitesSequentially(TestNG.java:1301)
	at org.testng.TestNG.runSuitesLocally(TestNG.java:1226)
	at org.testng.TestNG.runSuites(TestNG.java:1144)
	at org.testng.TestNG.run(TestNG.java:1115)
	at org.testng.remote.AbstractRemoteTestNG.run(AbstractRemoteTestNG.java:132)
	at org.testng.remote.RemoteTestNG.initAndRun(RemoteTestNG.java:230)
	at org.testng.remote.RemoteTestNG.main(RemoteTestNG.java:76)
]]>
    </failure>
  </testcase> <!-- verify_OffersViaSCL_WithPropertyEditAndSecondMortgageAsNo -->
</testsuite> <!-- in.v2solutions.hybrid.testcases.LT_146_Verify_OffersViaSCL_WithPropertyEditAndSecondMortgageAsNo -->
