<?xml version="1.0" encoding="UTF-8"?>
<!-- Generated by org.testng.reporters.JUnitReportReporter -->
<testsuite skipped="0" hostname="v2mumpc0474" name="in.v2solutions.hybrid.testcases.LT_165_Verify_OffersDetailsFromBestOfferPageSCL_WithSecondMortgageAsYes" tests="1" failures="1" timestamp="30 Nov 2017 13:03:12 GMT" time="199.190" errors="0">
  <testcase name="verify_OffersDetailsFromBestOfferPageSCL_WithSecondMortgageAsYes" time="199.190" classname="in.v2solutions.hybrid.testcases.LT_165_Verify_OffersDetailsFromBestOfferPageSCL_WithSecondMortgageAsYes">
    <failure type="java.lang.AssertionError" message="FAIL - Not able to verify Offer Details info in pagination , For Error Screenshot please refer to this link  : &lt;a href=&#039;LT_165--Failed_AT-VerifyAllOffersDetailsInfoInPagination-OFFER_DETAILS_NEXT_BUTTON-3011_063303_PM(IST).png&#039;&gt;LT_165--Failed_AT-VerifyAllOffersDetailsInfoInPagination-OFFER_DETAILS_NEXT_BUTTON-3011_063303_PM(IST).png&lt;/a&gt; &amp;&amp; FAIL - Expected -&gt; Button Next is disable mode AND Actual it is enable mode  , For Error Screenshot please refer to this link  : &lt;a href=&#039;LT_165--Failed_AT-VerifyButtonIsDisable-OFFER_DETAILS_NEXT_BUTTON-3011_063309_PM(IST).png&#039;&gt;LT_165--Failed_AT-VerifyButtonIsDisable-OFFER_DETAILS_NEXT_BUTTON-3011_063309_PM(IST).png&lt;/a&gt; &amp;&amp;  expected [true] but found [false]">
      <![CDATA[java.lang.AssertionError: FAIL - Not able to verify Offer Details info in pagination , For Error Screenshot please refer to this link  : <a href='LT_165--Failed_AT-VerifyAllOffersDetailsInfoInPagination-OFFER_DETAILS_NEXT_BUTTON-3011_063303_PM(IST).png'>LT_165--Failed_AT-VerifyAllOffersDetailsInfoInPagination-OFFER_DETAILS_NEXT_BUTTON-3011_063303_PM(IST).png</a> && FAIL - Expected -> Button Next is disable mode AND Actual it is enable mode  , For Error Screenshot please refer to this link  : <a href='LT_165--Failed_AT-VerifyButtonIsDisable-OFFER_DETAILS_NEXT_BUTTON-3011_063309_PM(IST).png'>LT_165--Failed_AT-VerifyButtonIsDisable-OFFER_DETAILS_NEXT_BUTTON-3011_063309_PM(IST).png</a> &&  expected [true] but found [false]
	at org.testng.Assert.fail(Assert.java:93)
	at org.testng.Assert.failNotEquals(Assert.java:512)
	at org.testng.Assert.assertTrue(Assert.java:41)
	at in.v2solutions.hybrid.util.Keywords.TestCaseEnds(Keywords.java:2968)
	at in.v2solutions.hybrid.util.Keywords.executeKeywords(Keywords.java:338)
	at in.v2solutions.hybrid.testcases.LT_165_Verify_OffersDetailsFromBestOfferPageSCL_WithSecondMortgageAsYes.verify_OffersDetailsFromBestOfferPageSCL_WithSecondMortgageAsYes(LT_165_Verify_OffersDetailsFromBestOfferPageSCL_WithSecondMortgageAsYes.java:59)
	at sun.reflect.NativeMethodAccessorImpl.invoke0(Native Method)
	at sun.reflect.NativeMethodAccessorImpl.invoke(Unknown Source)
	at sun.reflect.DelegatingMethodAccessorImpl.invoke(Unknown Source)
	at java.lang.reflect.Method.invoke(Unknown Source)
	at org.testng.internal.MethodInvocationHelper.invokeMethod(MethodInvocationHelper.java:108)
	at org.testng.internal.Invoker.invokeMethod(Invoker.java:661)
	at org.testng.internal.Invoker.invokeTestMethod(Invoker.java:869)
	at org.testng.internal.Invoker.invokeTestMethods(Invoker.java:1193)
	at org.testng.internal.TestMethodWorker.invokeTestMethods(TestMethodWorker.java:126)
	at org.testng.internal.TestMethodWorker.run(TestMethodWorker.java:109)
	at org.testng.TestRunner.privateRun(TestRunner.java:744)
	at org.testng.TestRunner.run(TestRunner.java:602)
	at org.testng.SuiteRunner.runTest(SuiteRunner.java:380)
	at org.testng.SuiteRunner.runSequentially(SuiteRunner.java:375)
	at org.testng.SuiteRunner.privateRun(SuiteRunner.java:340)
	at org.testng.SuiteRunner.run(SuiteRunner.java:289)
	at org.testng.SuiteRunnerWorker.runSuite(SuiteRunnerWorker.java:52)
	at org.testng.SuiteRunnerWorker.run(SuiteRunnerWorker.java:86)
	at org.testng.TestNG.runSuitesSequentially(TestNG.java:1301)
	at org.testng.TestNG.runSuitesLocally(TestNG.java:1226)
	at org.testng.TestNG.runSuites(TestNG.java:1144)
	at org.testng.TestNG.run(TestNG.java:1115)
	at org.testng.remote.AbstractRemoteTestNG.run(AbstractRemoteTestNG.java:132)
	at org.testng.remote.RemoteTestNG.initAndRun(RemoteTestNG.java:230)
	at org.testng.remote.RemoteTestNG.main(RemoteTestNG.java:76)
]]>
    </failure>
  </testcase> <!-- verify_OffersDetailsFromBestOfferPageSCL_WithSecondMortgageAsYes -->
</testsuite> <!-- in.v2solutions.hybrid.testcases.LT_165_Verify_OffersDetailsFromBestOfferPageSCL_WithSecondMortgageAsYes -->
